{"numFailedTestSuites":2,"numFailedTests":7,"numPassedTestSuites":6,"numPassedTests":99,"numPendingTestSuites":0,"numPendingTests":0,"numRuntimeErrorTestSuites":0,"numTodoTests":0,"numTotalTestSuites":8,"numTotalTests":106,"openHandles":[],"snapshot":{"added":0,"didUpdate":false,"failure":false,"filesAdded":0,"filesRemoved":0,"filesRemovedList":[],"filesUnmatched":0,"filesUpdated":0,"matched":0,"total":0,"unchecked":0,"uncheckedKeysByFile":[],"unmatched":0,"updated":0},"startTime":1785723094265,"success":false,"testResults":[{"assertionResults":[{"ancestorTitles":["HỆ THỐNG & HEALTH CHECK"],"duration":104,"failureDetails":[],"failureMessages":[],"fullName":"HỆ THỐNG & HEALTH CHECK TC_SYS_HLT_SUCCESS_01: Retrieve system health status successfully","invocations":1,"location":null,"numPassingAsserts":3,"retryReasons":[],"status":"passed","title":"TC_SYS_HLT_SUCCESS_01: Retrieve system health status successfully"},{"ancestorTitles":["AUTH_REGISTER - Đăng ký tài khoản"],"duration":4183,"failureDetails":[{"matcherResult":{"actual":500,"expected":201,"message":"expect(received).toBe(expected) // Object.is equality\n\nExpected: 201\nReceived: 500","name":"toBe","pass":false}}],"failureMessages":["Error: expect(received).toBe(expected) // Object.is equality\n\nExpected: 201\nReceived: 500\n    at Object.<anonymous> (D:\\nckh\\Wildlife-Warning-and-Deterrence-System\\wildlife-mobile-server\\tests\\auth.test.ts:40:24)\n    at processTicksAndRejections (node:internal/process/task_queues:103:5)"],"fullName":"AUTH_REGISTER - Đăng ký tài khoản TC_AUTH_REG_SUCCESS_01: Register user successfully","invocations":1,"location":null,"numPassingAsserts":0,"retryReasons":[],"status":"failed","title":"TC_AUTH_REG_SUCCESS_01: Register user successfully"},{"ancestorTitles":["AUTH_REGISTER - Đăng ký tài khoản"],"duration":35,"failureDetails":[],"failureMessages":[],"fullName":"AUTH_REGISTER - Đăng ký tài khoản TC_AUTH_REG_FAILURE_02: Fail to register due to missing username","invocations":1,"location":null,"numPassingAsserts":2,"retryReasons":[],"status":"passed","title":"TC_AUTH_REG_FAILURE_02: Fail to register due to missing username"},{"ancestorTitles":["AUTH_REGISTER - Đăng ký tài khoản"],"duration":32,"failureDetails":[],"failureMessages":[],"fullName":"AUTH_REGISTER - Đăng ký tài khoản TC_AUTH_REG_FAILURE_03: Fail to register due to missing password","invocations":1,"location":null,"numPassingAsserts":2,"retryReasons":[],"status":"passed","title":"TC_AUTH_REG_FAILURE_03: Fail to register due to missing password"},{"ancestorTitles":["AUTH_REGISTER - Đăng ký tài khoản"],"duration":20,"failureDetails":[],"failureMessages":[],"fullName":"AUTH_REGISTER - Đăng ký tài khoản TC_AUTH_REG_FAILURE_04: Fail to register due to missing fullName","invocations":1,"location":null,"numPassingAsserts":2,"retryReasons":[],"status":"passed","title":"TC_AUTH_REG_FAILURE_04: Fail to register due to missing fullName"},{"ancestorTitles":["AUTH_REGISTER - Đăng ký tài khoản"],"duration":18,"failureDetails":[],"failureMessages":[],"fullName":"AUTH_REGISTER - Đăng ký tài khoản TC_AUTH_REG_FAILURE_05: Fail to register due to missing phoneNumber","invocations":1,"location":null,"numPassingAsserts":2,"retryReasons":[],"status":"passed","title":"TC_AUTH_REG_FAILURE_05: Fail to register due to missing phoneNumber"},{"ancestorTitles":["AUTH_REGISTER - Đăng ký tài khoản"],"duration":31,"failureDetails":[],"failureMessages":[],"fullName":"AUTH_REGISTER - Đăng ký tài khoản TC_AUTH_REG_FAILURE_06: Fail to register due to missing role","invocations":1,"location":null,"numPassingAsserts":2,"retryReasons":[],"status":"passed","title":"TC_AUTH_REG_FAILURE_06: Fail to register due to missing role"},{"ancestorTitles":["AUTH_REGISTER - Đăng ký tài khoản"],"duration":30,"failureDetails":[],"failureMessages":[],"fullName":"AUTH_REGISTER - Đăng ký tài khoản TC_AUTH_REG_FAILURE_07: Fail to register with invalid format phone number","invocations":1,"location":null,"numPassingAsserts":2,"retryReasons":[],"status":"passed","title":"TC_AUTH_REG_FAILURE_07: Fail to register with invalid format phone number"},{"ancestorTitles":["AUTH_REGISTER - Đăng ký tài khoản"],"duration":41,"failureDetails":[],"failureMessages":[],"fullName":"AUTH_REGISTER - Đăng ký tài khoản TC_AUTH_REG_FAILURE_08: Fail to register with password too short","invocations":1,"location":null,"numPassingAsserts":2,"retryReasons":[],"status":"passed","title":"TC_AUTH_REG_FAILURE_08: Fail to register with password too short"},{"ancestorTitles":["AUTH_REGISTER - Đăng ký tài khoản"],"duration":4121,"failureDetails":[{"matcherResult":{"actual":500,"expected":409,"message":"expect(received).toBe(expected) // Object.is equality\n\nExpected: 409\nReceived: 500","name":"toBe","pass":false}}],"failureMessages":["Error: expect(received).toBe(expected) // Object.is equality\n\nExpected: 409\nReceived: 500\n    at Object.<anonymous> (D:\\nckh\\Wildlife-Warning-and-Deterrence-System\\wildlife-mobile-server\\tests\\auth.test.ts:114:24)\n    at processTicksAndRejections (node:internal/process/task_queues:103:5)"],"fullName":"AUTH_REGISTER - Đăng ký tài khoản TC_AUTH_REG_FAILURE_01: Fail to register with a duplicate username","invocations":1,"location":null,"numPassingAsserts":0,"retryReasons":[],"status":"failed","title":"TC_AUTH_REG_FAILURE_01: Fail to register with a duplicate username"},{"ancestorTitles":["AUTH_REGISTER - Đăng ký tài khoản"],"duration":15,"failureDetails":[],"failureMessages":[],"fullName":"AUTH_REGISTER - Đăng ký tài khoản TC_AUTH_REG_FAILURE_09: Fail to register with non-existent system role","invocations":1,"location":null,"numPassingAsserts":3,"retryReasons":[],"status":"passed","title":"TC_AUTH_REG_FAILURE_09: Fail to register with non-existent system role"},{"ancestorTitles":["AUTH_REGISTER - Đăng ký tài khoản"],"duration":15,"failureDetails":[],"failureMessages":[],"fullName":"AUTH_REGISTER - Đăng ký tài khoản TC_AUTH_REG_FAILURE_10: Fail to register due to client sending explicit ID","invocations":1,"location":null,"numPassingAsserts":3,"retryReasons":[],"status":"passed","title":"TC_AUTH_REG_FAILURE_10: Fail to register due to client sending explicit ID"},{"ancestorTitles":["AUTH_LOGIN - Đăng nhập tài khoản"],"duration":4080,"failureDetails":[{"matcherResult":{"actual":500,"expected":200,"message":"expect(received).toBe(expected) // Object.is equality\n\nExpected: 200\nReceived: 500","name":"toBe","pass":false}}],"failureMessages":["Error: expect(received).toBe(expected) // Object.is equality\n\nExpected: 200\nReceived: 500\n    at Object.<anonymous> (D:\\nckh\\Wildlife-Warning-and-Deterrence-System\\wildlife-mobile-server\\tests\\auth.test.ts:146:24)\n    at processTicksAndRejections (node:internal/process/task_queues:103:5)"],"fullName":"AUTH_LOGIN - Đăng nhập tài khoản TC_AUTH_LOG_SUCCESS_01: Login successfully with correct credentials","invocations":1,"location":null,"numPassingAsserts":0,"retryReasons":[],"status":"failed","title":"TC_AUTH_LOG_SUCCESS_01: Login successfully with correct credentials"},{"ancestorTitles":["AUTH_LOGIN - Đăng nhập tài khoản"],"duration":4148,"failureDetails":[{"matcherResult":{"actual":500,"expected":401,"message":"expect(received).toBe(expected) // Object.is equality\n\nExpected: 401\nReceived: 500","name":"toBe","pass":false}}],"failureMessages":["Error: expect(received).toBe(expected) // Object.is equality\n\nExpected: 401\nReceived: 500\n    at Object.<anonymous> (D:\\nckh\\Wildlife-Warning-and-Deterrence-System\\wildlife-mobile-server\\tests\\auth.test.ts:158:24)\n    at processTicksAndRejections (node:internal/process/task_queues:103:5)"],"fullName":"AUTH_LOGIN - Đăng nhập tài khoản TC_AUTH_LOG_FAILURE_01: Fail to login with incorrect password","invocations":1,"location":null,"numPassingAsserts":0,"retryReasons":[],"status":"failed","title":"TC_AUTH_LOG_FAILURE_01: Fail to login with incorrect password"},{"ancestorTitles":["AUTH_LOGIN - Đăng nhập tài khoản"],"duration":4100,"failureDetails":[{"matcherResult":{"actual":500,"expected":401,"message":"expect(received).toBe(expected) // Object.is equality\n\nExpected: 401\nReceived: 500","name":"toBe","pass":false}}],"failureMessages":["Error: expect(received).toBe(expected) // Object.is equality\n\nExpected: 401\nReceived: 500\n    at Object.<anonymous> (D:\\nckh\\Wildlife-Warning-and-Deterrence-System\\wildlife-mobile-server\\tests\\auth.test.ts:169:24)\n    at processTicksAndRejections (node:internal/process/task_queues:103:5)"],"fullName":"AUTH_LOGIN - Đăng nhập tài khoản AUTH_LOGIN_FAILURE_02: Login with non-existing username","invocations":1,"location":null,"numPassingAsserts":0,"retryReasons":[],"status":"failed","title":"AUTH_LOGIN_FAILURE_02: Login with non-existing username"},{"ancestorTitles":["AUTH_LOGIN - Đăng nhập tài khoản"],"duration":15,"failureDetails":[],"failureMessages":[],"fullName":"AUTH_LOGIN - Đăng nhập tài khoản TC_AUTH_LOG_FAILURE_02: Fail to login due to missing username","invocations":1,"location":null,"numPassingAsserts":2,"retryReasons":[],"status":"passed","title":"TC_AUTH_LOG_FAILURE_02: Fail to login due to missing username"},{"ancestorTitles":["AUTH_LOGIN - Đăng nhập tài khoản"],"duration":12,"failureDetails":[],"failureMessages":[],"fullName":"AUTH_LOGIN - Đăng nhập tài khoản TC_AUTH_LOG_FAILURE_03: Fail to login due to missing password","invocations":1,"location":null,"numPassingAsserts":2,"retryReasons":[],"status":"passed","title":"TC_AUTH_LOG_FAILURE_03: Fail to login due to missing password"},{"ancestorTitles":["AUTH_ME & LOGOUT - Phiên đăng nhập"],"duration":1,"failureDetails":[],"failureMessages":[],"fullName":"AUTH_ME & LOGOUT - Phiên đăng nhập AUTH_ME_SUCCESS_01: Retrieve profile details successfully","invocations":1,"location":null,"numPassingAsserts":0,"retryReasons":[],"status":"passed","title":"AUTH_ME_SUCCESS_01: Retrieve profile details successfully"},{"ancestorTitles":["AUTH_ME & LOGOUT - Phiên đăng nhập"],"duration":1,"failureDetails":[],"failureMessages":[],"fullName":"AUTH_ME & LOGOUT - Phiên đăng nhập TC_AUTH_OUT_SUCCESS_01: Logout successfully with a valid token","invocations":1,"location":null,"numPassingAsserts":0,"retryReasons":[],"status":"passed","title":"TC_AUTH_OUT_SUCCESS_01: Logout successfully with a valid token"},{"ancestorTitles":["AUTH_ME & LOGOUT - Phiên đăng nhập"],"duration":27,"failureDetails":[],"failureMessages":[],"fullName":"AUTH_ME & LOGOUT - Phiên đăng nhập TC_AUTH_OUT_FAILURE_01: Fail to logout with missing authorization header","invocations":1,"location":null,"numPassingAsserts":2,"retryReasons":[],"status":"passed","title":"TC_AUTH_OUT_FAILURE_01: Fail to logout with missing authorization header"},{"ancestorTitles":["AUTH_ME & LOGOUT - Phiên đăng nhập"],"duration":4175,"failureDetails":[{"matcherResult":{"actual":500,"expected":401,"message":"expect(received).toBe(expected) // Object.is equality\n\nExpected: 401\nReceived: 500","name":"toBe","pass":false}}],"failureMessages":["Error: expect(received).toBe(expected) // Object.is equality\n\nExpected: 401\nReceived: 500\n    at Object.<anonymous> (D:\\nckh\\Wildlife-Warning-and-Deterrence-System\\wildlife-mobile-server\\tests\\auth.test.ts:246:24)\n    at processTicksAndRejections (node:internal/process/task_queues:103:5)"],"fullName":"AUTH_ME & LOGOUT - Phiên đăng nhập TC_AUTH_OUT_FAILURE_02: Fail to logout with invalid format token","invocations":1,"location":null,"numPassingAsserts":0,"retryReasons":[],"status":"failed","title":"TC_AUTH_OUT_FAILURE_02: Fail to logout with invalid format token"}],"endTime":1785723131382,"message":"  ● AUTH_REGISTER - Đăng ký tài khoản › TC_AUTH_REG_SUCCESS_01: Register user successfully\n\n    expect(received).toBe(expected) // Object.is equality\n\n    Expected: 201\n    Received: 500\n\n    \u001b[0m \u001b[90m 38 |\u001b[39m       \u001b[33m.\u001b[39msend(validUser)\u001b[33m;\u001b[39m\n     \u001b[90m 39 |\u001b[39m\n    \u001b[31m\u001b[1m>\u001b[22m\u001b[39m\u001b[90m 40 |\u001b[39m     expect(res\u001b[33m.\u001b[39mstatus)\u001b[33m.\u001b[39mtoBe(\u001b[35m201\u001b[39m)\u001b[33m;\u001b[39m\n     \u001b[90m    |\u001b[39m                        \u001b[31m\u001b[1m^\u001b[22m\u001b[39m\n     \u001b[90m 41 |\u001b[39m     expect(res\u001b[33m.\u001b[39mbody)\u001b[33m.\u001b[39mtoHaveProperty(\u001b[32m'id'\u001b[39m)\u001b[33m;\u001b[39m\n     \u001b[90m 42 |\u001b[39m     expect(res\u001b[33m.\u001b[39mbody\u001b[33m.\u001b[39mid)\u001b[33m.\u001b[39mtoMatch(\u001b[35m/^[0-9a-f]{4}$/\u001b[39m)\u001b[33m;\u001b[39m\n     \u001b[90m 43 |\u001b[39m     expect(res\u001b[33m.\u001b[39mbody\u001b[33m.\u001b[39musername)\u001b[33m.\u001b[39mtoBe(validUser\u001b[33m.\u001b[39musername)\u001b[33m;\u001b[39m\u001b[0m\n\n      at Object.<anonymous> (tests/auth.test.ts:40:24)\n\n  ● AUTH_REGISTER - Đăng ký tài khoản › TC_AUTH_REG_FAILURE_01: Fail to register with a duplicate username\n\n    expect(received).toBe(expected) // Object.is equality\n\n    Expected: 409\n    Received: 500\n\n    \u001b[0m \u001b[90m 112 |\u001b[39m       \u001b[33m.\u001b[39mpost(\u001b[32m'/auth/register'\u001b[39m)\n     \u001b[90m 113 |\u001b[39m       \u001b[33m.\u001b[39msend(validUser)\u001b[33m;\u001b[39m \u001b[90m// Gửi lại thông tin trùng\u001b[39m\n    \u001b[31m\u001b[1m>\u001b[22m\u001b[39m\u001b[90m 114 |\u001b[39m     expect(res\u001b[33m.\u001b[39mstatus)\u001b[33m.\u001b[39mtoBe(\u001b[35m409\u001b[39m)\u001b[33m;\u001b[39m\n     \u001b[90m     |\u001b[39m                        \u001b[31m\u001b[1m^\u001b[22m\u001b[39m\n     \u001b[90m 115 |\u001b[39m     expect(res\u001b[33m.\u001b[39mbody\u001b[33m.\u001b[39merror)\u001b[33m.\u001b[39mtoBe(\u001b[32m'duplicate_user'\u001b[39m)\u001b[33m;\u001b[39m\n     \u001b[90m 116 |\u001b[39m   })\u001b[33m;\u001b[39m\n     \u001b[90m 117 |\u001b[39m\u001b[0m\n\n      at Object.<anonymous> (tests/auth.test.ts:114:24)\n\n  ● AUTH_LOGIN - Đăng nhập tài khoản › TC_AUTH_LOG_SUCCESS_01: Login successfully with correct credentials\n\n    expect(received).toBe(expected) // Object.is equality\n\n    Expected: 200\n    Received: 500\n\n    \u001b[0m \u001b[90m 144 |\u001b[39m       })\u001b[33m;\u001b[39m\n     \u001b[90m 145 |\u001b[39m\n    \u001b[31m\u001b[1m>\u001b[22m\u001b[39m\u001b[90m 146 |\u001b[39m     expect(res\u001b[33m.\u001b[39mstatus)\u001b[33m.\u001b[39mtoBe(\u001b[35m200\u001b[39m)\u001b[33m;\u001b[39m\n     \u001b[90m     |\u001b[39m                        \u001b[31m\u001b[1m^\u001b[22m\u001b[39m\n     \u001b[90m 147 |\u001b[39m     expect(res\u001b[33m.\u001b[39mbody)\u001b[33m.\u001b[39mtoHaveProperty(\u001b[32m'token'\u001b[39m)\u001b[33m;\u001b[39m\n     \u001b[90m 148 |\u001b[39m     expect(res\u001b[33m.\u001b[39mbody\u001b[33m.\u001b[39mrole)\u001b[33m.\u001b[39mtoBe(\u001b[32m'RANGER'\u001b[39m)\u001b[33m;\u001b[39m\n     \u001b[90m 149 |\u001b[39m   })\u001b[33m;\u001b[39m\u001b[0m\n\n      at Object.<anonymous> (tests/auth.test.ts:146:24)\n\n  ● AUTH_LOGIN - Đăng nhập tài khoản › TC_AUTH_LOG_FAILURE_01: Fail to login with incorrect password\n\n    expect(received).toBe(expected) // Object.is equality\n\n    Expected: 401\n    Received: 500\n\n    \u001b[0m \u001b[90m 156 |\u001b[39m         password\u001b[33m:\u001b[39m \u001b[32m'wrongpassword'\u001b[39m\n     \u001b[90m 157 |\u001b[39m       })\u001b[33m;\u001b[39m\n    \u001b[31m\u001b[1m>\u001b[22m\u001b[39m\u001b[90m 158 |\u001b[39m     expect(res\u001b[33m.\u001b[39mstatus)\u001b[33m.\u001b[39mtoBe(\u001b[35m401\u001b[39m)\u001b[33m;\u001b[39m\n     \u001b[90m     |\u001b[39m                        \u001b[31m\u001b[1m^\u001b[22m\u001b[39m\n     \u001b[90m 159 |\u001b[39m     expect(res\u001b[33m.\u001b[39mbody\u001b[33m.\u001b[39merror)\u001b[33m.\u001b[39mtoBe(\u001b[32m'unauthorized_credentials'\u001b[39m)\u001b[33m;\u001b[39m\n     \u001b[90m 160 |\u001b[39m   })\u001b[33m;\u001b[39m\n     \u001b[90m 161 |\u001b[39m\u001b[0m\n\n      at Object.<anonymous> (tests/auth.test.ts:158:24)\n\n  ● AUTH_LOGIN - Đăng nhập tài khoản › AUTH_LOGIN_FAILURE_02: Login with non-existing username\n\n    expect(received).toBe(expected) // Object.is equality\n\n    Expected: 401\n    Received: 500\n\n    \u001b[0m \u001b[90m 167 |\u001b[39m         password\u001b[33m:\u001b[39m \u001b[32m'password123'\u001b[39m\n     \u001b[90m 168 |\u001b[39m       })\u001b[33m;\u001b[39m\n    \u001b[31m\u001b[1m>\u001b[22m\u001b[39m\u001b[90m 169 |\u001b[39m     expect(res\u001b[33m.\u001b[39mstatus)\u001b[33m.\u001b[39mtoBe(\u001b[35m401\u001b[39m)\u001b[33m;\u001b[39m\n     \u001b[90m     |\u001b[39m                        \u001b[31m\u001b[1m^\u001b[22m\u001b[39m\n     \u001b[90m 170 |\u001b[39m     expect(res\u001b[33m.\u001b[39mbody\u001b[33m.\u001b[39merror)\u001b[33m.\u001b[39mtoBe(\u001b[32m'unauthorized_credentials'\u001b[39m)\u001b[33m;\u001b[39m\n     \u001b[90m 171 |\u001b[39m   })\u001b[33m;\u001b[39m\n     \u001b[90m 172 |\u001b[39m\u001b[0m\n\n      at Object.<anonymous> (tests/auth.test.ts:169:24)\n\n  ● AUTH_ME & LOGOUT - Phiên đăng nhập › TC_AUTH_OUT_FAILURE_02: Fail to logout with invalid format token\n\n    expect(received).toBe(expected) // Object.is equality\n\n    Expected: 401\n    Received: 500\n\n    \u001b[0m \u001b[90m 244 |\u001b[39m       \u001b[33m.\u001b[39mpost(\u001b[32m'/auth/logout'\u001b[39m)\n     \u001b[90m 245 |\u001b[39m       \u001b[33m.\u001b[39m\u001b[36mset\u001b[39m(\u001b[32m'Authorization'\u001b[39m\u001b[33m,\u001b[39m \u001b[32m'Bearer this_is_a_totally_invalid_token_xyz'\u001b[39m)\u001b[33m;\u001b[39m\n    \u001b[31m\u001b[1m>\u001b[22m\u001b[39m\u001b[90m 246 |\u001b[39m     expect(res\u001b[33m.\u001b[39mstatus)\u001b[33m.\u001b[39mtoBe(\u001b[35m401\u001b[39m)\u001b[33m;\u001b[39m\n     \u001b[90m     |\u001b[39m                        \u001b[31m\u001b[1m^\u001b[22m\u001b[39m\n     \u001b[90m 247 |\u001b[39m     expect(res\u001b[33m.\u001b[39mbody\u001b[33m.\u001b[39merror)\u001b[33m.\u001b[39mtoBe(\u001b[32m'invalid_token'\u001b[39m)\u001b[33m;\u001b[39m\n     \u001b[90m 248 |\u001b[39m   })\u001b[33m;\u001b[39m\n     \u001b[90m 249 |\u001b[39m })\u001b[33m;\u001b[39m\u001b[0m\n\n      at Object.<anonymous> (tests/auth.test.ts:246:24)\n","name":"D:\\nckh\\Wildlife-Warning-and-Deterrence-System\\wildlife-mobile-server\\tests\\auth.test.ts","startTime":1785723094655,"status":"failed","summary":""},{"assertionResults":[{"ancestorTitles":["CAMERA TESTING SUITE"],"duration":2,"failureDetails":[],"failureMessages":[],"fullName":"CAMERA TESTING SUITE TC_CAM_LIST_SUCCESS_01: Retrieve camera list successfully","invocations":1,"location":null,"numPassingAsserts":0,"retryReasons":[],"status":"passed","title":"TC_CAM_LIST_SUCCESS_01: Retrieve camera list successfully"},{"ancestorTitles":["CAMERA TESTING SUITE"],"duration":0,"failureDetails":[],"failureMessages":[],"fullName":"CAMERA TESTING SUITE TC_CAM_LIST_SUCCESS_02: Retrieve empty list when no camera stations exist","invocations":1,"location":null,"numPassingAsserts":0,"retryReasons":[],"status":"passed","title":"TC_CAM_LIST_SUCCESS_02: Retrieve empty list when no camera stations exist"},{"ancestorTitles":["CAMERA TESTING SUITE"],"duration":4144,"failureDetails":[{"matcherResult":{"actual":500,"expected":401,"message":"expect(received).toBe(expected) // Object.is equality\n\nExpected: 401\nReceived: 500","name":"toBe","pass":false}}],"failureMessages":["Error: expect(received).toBe(expected) // Object.is equality\n\nExpected: 401\nReceived: 500\n    at Object.<anonymous> (D:\\nckh\\Wildlife-Warning-and-Deterrence-System\\wildlife-mobile-server\\tests\\camera.test.ts:114:24)\n    at processTicksAndRejections (node:internal/process/task_queues:103:5)"],"fullName":"CAMERA TESTING SUITE TC_CAM_LIST_FAILURE_01: Fail to list cameras due to invalid token","invocations":1,"location":null,"numPassingAsserts":0,"retryReasons":[],"status":"failed","title":"TC_CAM_LIST_FAILURE_01: Fail to list cameras due to invalid token"},{"ancestorTitles":["CAMERA TESTING SUITE"],"duration":2,"failureDetails":[],"failureMessages":[],"fullName":"CAMERA TESTING SUITE TC_CAM_SSE_SUCCESS_01: Establish SSE stream connection successfully","invocations":1,"location":null,"numPassingAsserts":0,"retryReasons":[],"status":"passed","title":"TC_CAM_SSE_SUCCESS_01: Establish SSE stream connection successfully"},{"ancestorTitles":["CAMERA TESTING SUITE"],"duration":22,"failureDetails":[],"failureMessages":[],"fullName":"CAMERA TESTING SUITE TC_CAM_SSE_FAILURE_01: Fail to establish SSE connection without valid token","invocations":1,"location":null,"numPassingAsserts":1,"retryReasons":[],"status":"passed","title":"TC_CAM_SSE_FAILURE_01: Fail to establish SSE connection without valid token"},{"ancestorTitles":["CAMERA TESTING SUITE"],"duration":2,"failureDetails":[],"failureMessages":[],"fullName":"CAMERA TESTING SUITE TC_CAM_DET_SUCCESS_01: Retrieve camera details successfully","invocations":1,"location":null,"numPassingAsserts":0,"retryReasons":[],"status":"passed","title":"TC_CAM_DET_SUCCESS_01: Retrieve camera details successfully"},{"ancestorTitles":["CAMERA TESTING SUITE"],"duration":1,"failureDetails":[],"failureMessages":[],"fullName":"CAMERA TESTING SUITE TC_CAM_DET_FAILURE_01: Retrieve details of non-existing camera","invocations":1,"location":null,"numPassingAsserts":0,"retryReasons":[],"status":"passed","title":"TC_CAM_DET_FAILURE_01: Retrieve details of non-existing camera"},{"ancestorTitles":["CAMERA TESTING SUITE"],"duration":1,"failureDetails":[],"failureMessages":[],"fullName":"CAMERA TESTING SUITE TC_CAM_DET_FAILURE_02: Retrieve details with camera ID exceeds limit","invocations":1,"location":null,"numPassingAsserts":0,"retryReasons":[],"status":"passed","title":"TC_CAM_DET_FAILURE_02: Retrieve details with camera ID exceeds limit"},{"ancestorTitles":["CAMERA TESTING SUITE"],"duration":2,"failureDetails":[],"failureMessages":[],"fullName":"CAMERA TESTING SUITE TC_CAM_REN_SUCCESS_01: Rename camera successfully by Ranger","invocations":1,"location":null,"numPassingAsserts":0,"retryReasons":[],"status":"passed","title":"TC_CAM_REN_SUCCESS_01: Rename camera successfully by Ranger"},{"ancestorTitles":["CAMERA TESTING SUITE"],"duration":1,"failureDetails":[],"failureMessages":[],"fullName":"CAMERA TESTING SUITE CAM_RENAME_FAILURE_CITIZEN: Rename camera failed by Citizen (Forbidden)","invocations":1,"location":null,"numPassingAsserts":0,"retryReasons":[],"status":"passed","title":"CAM_RENAME_FAILURE_CITIZEN: Rename camera failed by Citizen (Forbidden)"},{"ancestorTitles":["CAMERA TESTING SUITE"],"duration":2,"failureDetails":[],"failureMessages":[],"fullName":"CAMERA TESTING SUITE TC_CAM_REN_FAILURE_01: Rename camera missing name","invocations":1,"location":null,"numPassingAsserts":0,"retryReasons":[],"status":"passed","title":"TC_CAM_REN_FAILURE_01: Rename camera missing name"},{"ancestorTitles":["CAMERA TESTING SUITE"],"duration":1,"failureDetails":[],"failureMessages":[],"fullName":"CAMERA TESTING SUITE TC_CAM_REN_FAILURE_02: Rename camera name exceeds limit","invocations":1,"location":null,"numPassingAsserts":0,"retryReasons":[],"status":"passed","title":"TC_CAM_REN_FAILURE_02: Rename camera name exceeds limit"},{"ancestorTitles":["CAMERA TESTING SUITE"],"duration":1,"failureDetails":[],"failureMessages":[],"fullName":"CAMERA TESTING SUITE TC_CAM_REN_FAILURE_03: Fail to rename camera for non-existent cameraId","invocations":1,"location":null,"numPassingAsserts":0,"retryReasons":[],"status":"passed","title":"TC_CAM_REN_FAILURE_03: Fail to rename camera for non-existent cameraId"},{"ancestorTitles":["CAMERA TESTING SUITE"],"duration":2,"failureDetails":[],"failureMessages":[],"fullName":"CAMERA TESTING SUITE TC_DEV_TST_SUCCESS_01: Trigger device test successfully","invocations":1,"location":null,"numPassingAsserts":0,"retryReasons":[],"status":"passed","title":"TC_DEV_TST_SUCCESS_01: Trigger device test successfully"},{"ancestorTitles":["CAMERA TESTING SUITE"],"duration":2,"failureDetails":[],"failureMessages":[],"fullName":"CAMERA TESTING SUITE TC_DEV_TST_FAILURE_01: Device test missing durationSeconds","invocations":1,"location":null,"numPassingAsserts":0,"retryReasons":[],"status":"passed","title":"TC_DEV_TST_FAILURE_01: Device test missing durationSeconds"},{"ancestorTitles":["CAMERA TESTING SUITE"],"duration":1,"failureDetails":[],"failureMessages":[],"fullName":"CAMERA TESTING SUITE TC_DEV_TST_FAILURE_02: Device test missing intensity","invocations":1,"location":null,"numPassingAsserts":0,"retryReasons":[],"status":"passed","title":"TC_DEV_TST_FAILURE_02: Device test missing intensity"},{"ancestorTitles":["CAMERA TESTING SUITE"],"duration":1,"failureDetails":[],"failureMessages":[],"fullName":"CAMERA TESTING SUITE TC_DEV_TST_FAILURE_05: Device test with negative duration","invocations":1,"location":null,"numPassingAsserts":0,"retryReasons":[],"status":"passed","title":"TC_DEV_TST_FAILURE_05: Device test with negative duration"},{"ancestorTitles":["CAMERA TESTING SUITE"],"duration":1,"failureDetails":[],"failureMessages":[],"fullName":"CAMERA TESTING SUITE TC_DEV_TST_FAILURE_04: Device test with intensity negative","invocations":1,"location":null,"numPassingAsserts":0,"retryReasons":[],"status":"passed","title":"TC_DEV_TST_FAILURE_04: Device test with intensity negative"},{"ancestorTitles":["CAMERA TESTING SUITE"],"duration":2,"failureDetails":[],"failureMessages":[],"fullName":"CAMERA TESTING SUITE TC_DEV_TST_FAILURE_03: Device test with intensity exceeds 100","invocations":1,"location":null,"numPassingAsserts":0,"retryReasons":[],"status":"passed","title":"TC_DEV_TST_FAILURE_03: Device test with intensity exceeds 100"},{"ancestorTitles":["CAMERA TESTING SUITE"],"duration":0,"failureDetails":[],"failureMessages":[],"fullName":"CAMERA TESTING SUITE TC_DEV_TST_FAILURE_06: Device test with unsupported device key","invocations":1,"location":null,"numPassingAsserts":0,"retryReasons":[],"status":"passed","title":"TC_DEV_TST_FAILURE_06: Device test with unsupported device key"}],"endTime":1785723140968,"message":"  ● CAMERA TESTING SUITE › TC_CAM_LIST_FAILURE_01: Fail to list cameras due to invalid token\n\n    expect(received).toBe(expected) // Object.is equality\n\n    Expected: 401\n    Received: 500\n\n    \u001b[0m \u001b[90m 112 |\u001b[39m       \u001b[33m.\u001b[39m\u001b[36mset\u001b[39m(\u001b[32m'Authorization'\u001b[39m\u001b[33m,\u001b[39m \u001b[32m'Bearer invalid_token_xyz'\u001b[39m)\u001b[33m;\u001b[39m\n     \u001b[90m 113 |\u001b[39m\n    \u001b[31m\u001b[1m>\u001b[22m\u001b[39m\u001b[90m 114 |\u001b[39m     expect(res\u001b[33m.\u001b[39mstatus)\u001b[33m.\u001b[39mtoBe(\u001b[35m401\u001b[39m)\u001b[33m;\u001b[39m\n     \u001b[90m     |\u001b[39m                        \u001b[31m\u001b[1m^\u001b[22m\u001b[39m\n     \u001b[90m 115 |\u001b[39m     expect(res\u001b[33m.\u001b[39mbody\u001b[33m.\u001b[39merror)\u001b[33m.\u001b[39mtoBe(\u001b[32m'invalid_token'\u001b[39m)\u001b[33m;\u001b[39m\n     \u001b[90m 116 |\u001b[39m   })\u001b[33m;\u001b[39m\n     \u001b[90m 117 |\u001b[39m\u001b[0m\n\n      at Object.<anonymous> (tests/camera.test.ts:114:24)\n","name":"D:\\nckh\\Wildlife-Warning-and-Deterrence-System\\wildlife-mobile-server\\tests\\camera.test.ts","startTime":1785723131414,"status":"failed","summary":""},{"assertionResults":[{"ancestorTitles":["RESPONSE CONFIGS TESTING SUITE"],"duration":3,"failureDetails":[],"failureMessages":[],"fullName":"RESPONSE CONFIGS TESTING SUITE TC_SPC_LIST_SUCCESS_01: Retrieve species directory successfully","invocations":1,"location":null,"numPassingAsserts":0,"retryReasons":[],"status":"passed","title":"TC_SPC_LIST_SUCCESS_01: Retrieve species directory successfully"},{"ancestorTitles":["RESPONSE CONFIGS TESTING SUITE"],"duration":2,"failureDetails":[],"failureMessages":[],"fullName":"RESPONSE CONFIGS TESTING SUITE TC_CFG_LIST_SUCCESS_01: Retrieve configs applied at camera successfully","invocations":1,"location":null,"numPassingAsserts":0,"retryReasons":[],"status":"passed","title":"TC_CFG_LIST_SUCCESS_01: Retrieve configs applied at camera successfully"},{"ancestorTitles":["RESPONSE CONFIGS TESTING SUITE"],"duration":2,"failureDetails":[],"failureMessages":[],"fullName":"RESPONSE CONFIGS TESTING SUITE TC_CFG_LIST_FAILURE_01: Fail to retrieve config list for non-existent camera","invocations":1,"location":null,"numPassingAsserts":0,"retryReasons":[],"status":"passed","title":"TC_CFG_LIST_FAILURE_01: Fail to retrieve config list for non-existent camera"},{"ancestorTitles":["RESPONSE CONFIGS TESTING SUITE"],"duration":2,"failureDetails":[],"failureMessages":[],"fullName":"RESPONSE CONFIGS TESTING SUITE TC_CFG_DET_SUCCESS_01: Retrieve custom configuration successfully when custom record exists","invocations":1,"location":null,"numPassingAsserts":0,"retryReasons":[],"status":"passed","title":"TC_CFG_DET_SUCCESS_01: Retrieve custom configuration successfully when custom record exists"},{"ancestorTitles":["RESPONSE CONFIGS TESTING SUITE"],"duration":2,"failureDetails":[],"failureMessages":[],"fullName":"RESPONSE CONFIGS TESTING SUITE TC_CFG_DET_SUCCESS_02: Retrieve custom config details or fallback preset","invocations":1,"location":null,"numPassingAsserts":0,"retryReasons":[],"status":"passed","title":"TC_CFG_DET_SUCCESS_02: Retrieve custom config details or fallback preset"},{"ancestorTitles":["RESPONSE CONFIGS TESTING SUITE"],"duration":1,"failureDetails":[],"failureMessages":[],"fullName":"RESPONSE CONFIGS TESTING SUITE TC_CFG_DET_FAILURE_01: Fail to retrieve config when cameraId query parameter is missing","invocations":1,"location":null,"numPassingAsserts":0,"retryReasons":[],"status":"passed","title":"TC_CFG_DET_FAILURE_01: Fail to retrieve config when cameraId query parameter is missing"},{"ancestorTitles":["RESPONSE CONFIGS TESTING SUITE"],"duration":1,"failureDetails":[],"failureMessages":[],"fullName":"RESPONSE CONFIGS TESTING SUITE TC_CFG_DET_FAILURE_02: Fail to retrieve config when speciesId query parameter is missing","invocations":1,"location":null,"numPassingAsserts":0,"retryReasons":[],"status":"passed","title":"TC_CFG_DET_FAILURE_02: Fail to retrieve config when speciesId query parameter is missing"},{"ancestorTitles":["RESPONSE CONFIGS TESTING SUITE"],"duration":1,"failureDetails":[],"failureMessages":[],"fullName":"RESPONSE CONFIGS TESTING SUITE TC_CFG_DET_FAILURE_03: Fail to retrieve config when speciesId is invalid","invocations":1,"location":null,"numPassingAsserts":0,"retryReasons":[],"status":"passed","title":"TC_CFG_DET_FAILURE_03: Fail to retrieve config when speciesId is invalid"},{"ancestorTitles":["RESPONSE CONFIGS TESTING SUITE"],"duration":1,"failureDetails":[],"failureMessages":[],"fullName":"RESPONSE CONFIGS TESTING SUITE TC_CFG_SAVE_SUCCESS_01: Save custom defense configuration successfully","invocations":1,"location":null,"numPassingAsserts":0,"retryReasons":[],"status":"passed","title":"TC_CFG_SAVE_SUCCESS_01: Save custom defense configuration successfully"},{"ancestorTitles":["RESPONSE CONFIGS TESTING SUITE"],"duration":1,"failureDetails":[],"failureMessages":[],"fullName":"RESPONSE CONFIGS TESTING SUITE TC_CFG_SAVE_FAILURE_01: Save config missing ledFlash","invocations":1,"location":null,"numPassingAsserts":0,"retryReasons":[],"status":"passed","title":"TC_CFG_SAVE_FAILURE_01: Save config missing ledFlash"},{"ancestorTitles":["RESPONSE CONFIGS TESTING SUITE"],"duration":2,"failureDetails":[],"failureMessages":[],"fullName":"RESPONSE CONFIGS TESTING SUITE TC_CFG_SAVE_FAILURE_02: Save config missing speakerWarn","invocations":1,"location":null,"numPassingAsserts":0,"retryReasons":[],"status":"passed","title":"TC_CFG_SAVE_FAILURE_02: Save config missing speakerWarn"},{"ancestorTitles":["RESPONSE CONFIGS TESTING SUITE"],"duration":1,"failureDetails":[],"failureMessages":[],"fullName":"RESPONSE CONFIGS TESTING SUITE TC_CFG_SAVE_FAILURE_04: Save config missing silentAlert","invocations":1,"location":null,"numPassingAsserts":0,"retryReasons":[],"status":"passed","title":"TC_CFG_SAVE_FAILURE_04: Save config missing silentAlert"},{"ancestorTitles":["RESPONSE CONFIGS TESTING SUITE"],"duration":2,"failureDetails":[],"failureMessages":[],"fullName":"RESPONSE CONFIGS TESTING SUITE TC_CFG_SAVE_FAILURE_05: Save config with invalid LED color","invocations":1,"location":null,"numPassingAsserts":0,"retryReasons":[],"status":"passed","title":"TC_CFG_SAVE_FAILURE_05: Save config with invalid LED color"},{"ancestorTitles":["RESPONSE CONFIGS TESTING SUITE"],"duration":2,"failureDetails":[],"failureMessages":[],"fullName":"RESPONSE CONFIGS TESTING SUITE TC_CFG_SAVE_FAILURE_07: Save config with negative LED intensity","invocations":1,"location":null,"numPassingAsserts":0,"retryReasons":[],"status":"passed","title":"TC_CFG_SAVE_FAILURE_07: Save config with negative LED intensity"},{"ancestorTitles":["RESPONSE CONFIGS TESTING SUITE"],"duration":1,"failureDetails":[],"failureMessages":[],"fullName":"RESPONSE CONFIGS TESTING SUITE TC_CFG_SAVE_FAILURE_06: Save config with LED intensity exceeds 100","invocations":1,"location":null,"numPassingAsserts":0,"retryReasons":[],"status":"passed","title":"TC_CFG_SAVE_FAILURE_06: Save config with LED intensity exceeds 100"},{"ancestorTitles":["RESPONSE CONFIGS TESTING SUITE"],"duration":1,"failureDetails":[],"failureMessages":[],"fullName":"RESPONSE CONFIGS TESTING SUITE TC_CFG_SAVE_FAILURE_09: Save config with negative audio intensity","invocations":1,"location":null,"numPassingAsserts":0,"retryReasons":[],"status":"passed","title":"TC_CFG_SAVE_FAILURE_09: Save config with negative audio intensity"},{"ancestorTitles":["RESPONSE CONFIGS TESTING SUITE"],"duration":1,"failureDetails":[],"failureMessages":[],"fullName":"RESPONSE CONFIGS TESTING SUITE TC_CFG_SAVE_FAILURE_08: Save config with audio intensity exceeds 100","invocations":1,"location":null,"numPassingAsserts":0,"retryReasons":[],"status":"passed","title":"TC_CFG_SAVE_FAILURE_08: Save config with audio intensity exceeds 100"},{"ancestorTitles":["RESPONSE CONFIGS TESTING SUITE"],"duration":1,"failureDetails":[],"failureMessages":[],"fullName":"RESPONSE CONFIGS TESTING SUITE TC_CFG_PRE_SUCCESS_01: Apply danger level preset successfully","invocations":1,"location":null,"numPassingAsserts":0,"retryReasons":[],"status":"passed","title":"TC_CFG_PRE_SUCCESS_01: Apply danger level preset successfully"},{"ancestorTitles":["RESPONSE CONFIGS TESTING SUITE"],"duration":1,"failureDetails":[],"failureMessages":[],"fullName":"RESPONSE CONFIGS TESTING SUITE TC_CFG_PRE_FAILURE_01: Fail to apply preset with invalid presetId","invocations":1,"location":null,"numPassingAsserts":0,"retryReasons":[],"status":"passed","title":"TC_CFG_PRE_FAILURE_01: Fail to apply preset with invalid presetId"},{"ancestorTitles":["RESPONSE CONFIGS TESTING SUITE"],"duration":1,"failureDetails":[],"failureMessages":[],"fullName":"RESPONSE CONFIGS TESTING SUITE TC_CFG_DEL_SUCCESS_01: Reset custom config to fallback presets successfully","invocations":1,"location":null,"numPassingAsserts":0,"retryReasons":[],"status":"passed","title":"TC_CFG_DEL_SUCCESS_01: Reset custom config to fallback presets successfully"},{"ancestorTitles":["RESPONSE CONFIGS TESTING SUITE"],"duration":2,"failureDetails":[],"failureMessages":[],"fullName":"RESPONSE CONFIGS TESTING SUITE TC_CFG_DEL_FAILURE_01: Fail to delete non-existent custom configuration","invocations":1,"location":null,"numPassingAsserts":0,"retryReasons":[],"status":"passed","title":"TC_CFG_DEL_FAILURE_01: Fail to delete non-existent custom configuration"}],"endTime":1785723146440,"message":"","name":"D:\\nckh\\Wildlife-Warning-and-Deterrence-System\\wildlife-mobile-server\\tests\\config.test.ts","startTime":1785723140977,"status":"passed","summary":""},{"assertionResults":[{"ancestorTitles":["MANUAL SNAPSHOT UPLOAD TESTING SUITE"],"duration":1,"failureDetails":[],"failureMessages":[],"fullName":"MANUAL SNAPSHOT UPLOAD TESTING SUITE TC_SNAP_UPL_SUCCESS_01: Upload manual camera snapshot successfully to Cloudinary","invocations":1,"location":null,"numPassingAsserts":0,"retryReasons":[],"status":"passed","title":"TC_SNAP_UPL_SUCCESS_01: Upload manual camera snapshot successfully to Cloudinary"},{"ancestorTitles":["MANUAL SNAPSHOT UPLOAD TESTING SUITE"],"duration":1,"failureDetails":[],"failureMessages":[],"fullName":"MANUAL SNAPSHOT UPLOAD TESTING SUITE TC_SNAP_UPL_FAILURE_01: Fail to upload manual camera snapshot due to missing image file","invocations":1,"location":null,"numPassingAsserts":0,"retryReasons":[],"status":"passed","title":"TC_SNAP_UPL_FAILURE_01: Fail to upload manual camera snapshot due to missing image file"},{"ancestorTitles":["MANUAL SNAPSHOT UPLOAD TESTING SUITE"],"duration":1,"failureDetails":[],"failureMessages":[],"fullName":"MANUAL SNAPSHOT UPLOAD TESTING SUITE TC_SNAP_UPL_FAILURE_02: Fail to upload manual camera snapshot with non-existent userId","invocations":1,"location":null,"numPassingAsserts":0,"retryReasons":[],"status":"passed","title":"TC_SNAP_UPL_FAILURE_02: Fail to upload manual camera snapshot with non-existent userId"},{"ancestorTitles":["MANUAL SNAPSHOT UPLOAD TESTING SUITE"],"duration":1,"failureDetails":[],"failureMessages":[],"fullName":"MANUAL SNAPSHOT UPLOAD TESTING SUITE TC_SNAP_UPL_FAILURE_03: Fail to upload manual camera snapshot for non-existent cameraId","invocations":1,"location":null,"numPassingAsserts":0,"retryReasons":[],"status":"passed","title":"TC_SNAP_UPL_FAILURE_03: Fail to upload manual camera snapshot for non-existent cameraId"}],"endTime":1785723151911,"message":"","name":"D:\\nckh\\Wildlife-Warning-and-Deterrence-System\\wildlife-mobile-server\\tests\\snapshot.test.ts","startTime":1785723146451,"status":"passed","summary":""},{"assertionResults":[{"ancestorTitles":["SMS ALERT RECIPIENTS TESTING SUITE"],"duration":1,"failureDetails":[],"failureMessages":[],"fullName":"SMS ALERT RECIPIENTS TESTING SUITE TC_SMS_LIST_SUCCESS_01: Retrieve registered SMS recipients list successfully","invocations":1,"location":null,"numPassingAsserts":0,"retryReasons":[],"status":"passed","title":"TC_SMS_LIST_SUCCESS_01: Retrieve registered SMS recipients list successfully"},{"ancestorTitles":["SMS ALERT RECIPIENTS TESTING SUITE"],"duration":1,"failureDetails":[],"failureMessages":[],"fullName":"SMS ALERT RECIPIENTS TESTING SUITE TC_SMS_ADD_SUCCESS_01: Register a secondary SMS recipient successfully","invocations":1,"location":null,"numPassingAsserts":0,"retryReasons":[],"status":"passed","title":"TC_SMS_ADD_SUCCESS_01: Register a secondary SMS recipient successfully"},{"ancestorTitles":["SMS ALERT RECIPIENTS TESTING SUITE"],"duration":1,"failureDetails":[],"failureMessages":[],"fullName":"SMS ALERT RECIPIENTS TESTING SUITE TC_SMS_ADD_FAILURE_02: Register recipient missing fullName","invocations":1,"location":null,"numPassingAsserts":0,"retryReasons":[],"status":"passed","title":"TC_SMS_ADD_FAILURE_02: Register recipient missing fullName"},{"ancestorTitles":["SMS ALERT RECIPIENTS TESTING SUITE"],"duration":1,"failureDetails":[],"failureMessages":[],"fullName":"SMS ALERT RECIPIENTS TESTING SUITE TC_SMS_ADD_FAILURE_03: Register recipient missing phoneNumber","invocations":1,"location":null,"numPassingAsserts":0,"retryReasons":[],"status":"passed","title":"TC_SMS_ADD_FAILURE_03: Register recipient missing phoneNumber"},{"ancestorTitles":["SMS ALERT RECIPIENTS TESTING SUITE"],"duration":0,"failureDetails":[],"failureMessages":[],"fullName":"SMS ALERT RECIPIENTS TESTING SUITE TC_SMS_ADD_FAILURE_04: Register recipient missing relation","invocations":1,"location":null,"numPassingAsserts":0,"retryReasons":[],"status":"passed","title":"TC_SMS_ADD_FAILURE_04: Register recipient missing relation"},{"ancestorTitles":["SMS ALERT RECIPIENTS TESTING SUITE"],"duration":0,"failureDetails":[],"failureMessages":[],"fullName":"SMS ALERT RECIPIENTS TESTING SUITE TC_SMS_ADD_FAILURE_05: Register recipient with invalid phone number format","invocations":1,"location":null,"numPassingAsserts":0,"retryReasons":[],"status":"passed","title":"TC_SMS_ADD_FAILURE_05: Register recipient with invalid phone number format"},{"ancestorTitles":["SMS ALERT RECIPIENTS TESTING SUITE"],"duration":1,"failureDetails":[],"failureMessages":[],"fullName":"SMS ALERT RECIPIENTS TESTING SUITE TC_SMS_ADD_FAILURE_06: Register recipient with invalid relation value","invocations":1,"location":null,"numPassingAsserts":0,"retryReasons":[],"status":"passed","title":"TC_SMS_ADD_FAILURE_06: Register recipient with invalid relation value"},{"ancestorTitles":["SMS ALERT RECIPIENTS TESTING SUITE"],"duration":1,"failureDetails":[],"failureMessages":[],"fullName":"SMS ALERT RECIPIENTS TESTING SUITE TC_SMS_ADD_FAILURE_01: Register recipient violates the limit of 3 secondary numbers","invocations":1,"location":null,"numPassingAsserts":0,"retryReasons":[],"status":"passed","title":"TC_SMS_ADD_FAILURE_01: Register recipient violates the limit of 3 secondary numbers"},{"ancestorTitles":["SMS ALERT RECIPIENTS TESTING SUITE"],"duration":0,"failureDetails":[],"failureMessages":[],"fullName":"SMS ALERT RECIPIENTS TESTING SUITE TC_SMS_DEL_SUCCESS_01: Delete SMS recipient registration successfully","invocations":1,"location":null,"numPassingAsserts":0,"retryReasons":[],"status":"passed","title":"TC_SMS_DEL_SUCCESS_01: Delete SMS recipient registration successfully"},{"ancestorTitles":["SMS ALERT RECIPIENTS TESTING SUITE"],"duration":1,"failureDetails":[],"failureMessages":[],"fullName":"SMS ALERT RECIPIENTS TESTING SUITE TC_SMS_DEL_FAILURE_01: Fail to delete SMS recipient that does not belong to current user","invocations":1,"location":null,"numPassingAsserts":0,"retryReasons":[],"status":"passed","title":"TC_SMS_DEL_FAILURE_01: Fail to delete SMS recipient that does not belong to current user"}],"endTime":1785723156877,"message":"","name":"D:\\nckh\\Wildlife-Warning-and-Deterrence-System\\wildlife-mobile-server\\tests\\sms.test.ts","startTime":1785723151915,"status":"passed","summary":""},{"assertionResults":[{"ancestorTitles":["EVENTS & ALERTS INTEGRATION SUITE"],"duration":2,"failureDetails":[],"failureMessages":[],"fullName":"EVENTS & ALERTS INTEGRATION SUITE EVT_LIST_SUCCESS_01: Retrieve event history logs successfully","invocations":1,"location":null,"numPassingAsserts":0,"retryReasons":[],"status":"passed","title":"EVT_LIST_SUCCESS_01: Retrieve event history logs successfully"},{"ancestorTitles":["EVENTS & ALERTS INTEGRATION SUITE"],"duration":1,"failureDetails":[],"failureMessages":[],"fullName":"EVENTS & ALERTS INTEGRATION SUITE TC_AI_DET_SUCCESS_01: Create new event and alert from AI webhook","invocations":1,"location":null,"numPassingAsserts":0,"retryReasons":[],"status":"passed","title":"TC_AI_DET_SUCCESS_01: Create new event and alert from AI webhook"},{"ancestorTitles":["EVENTS & ALERTS INTEGRATION SUITE"],"duration":1,"failureDetails":[],"failureMessages":[],"fullName":"EVENTS & ALERTS INTEGRATION SUITE TC_AI_DET_SUCCESS_02: Append to active event if duration is under 5 minutes","invocations":1,"location":null,"numPassingAsserts":0,"retryReasons":[],"status":"passed","title":"TC_AI_DET_SUCCESS_02: Append to active event if duration is under 5 minutes"},{"ancestorTitles":["EVENTS & ALERTS INTEGRATION SUITE"],"duration":0,"failureDetails":[],"failureMessages":[],"fullName":"EVENTS & ALERTS INTEGRATION SUITE TC_AI_DET_SUCCESS_03: Split into new event if duration exceeds 5 minutes","invocations":1,"location":null,"numPassingAsserts":0,"retryReasons":[],"status":"passed","title":"TC_AI_DET_SUCCESS_03: Split into new event if duration exceeds 5 minutes"},{"ancestorTitles":["EVENTS & ALERTS INTEGRATION SUITE"],"duration":39,"failureDetails":[],"failureMessages":[],"fullName":"EVENTS & ALERTS INTEGRATION SUITE TC_AI_DET_FAILURE_01: AI Webhook missing detections","invocations":1,"location":null,"numPassingAsserts":2,"retryReasons":[],"status":"passed","title":"TC_AI_DET_FAILURE_01: AI Webhook missing detections"},{"ancestorTitles":["EVENTS & ALERTS INTEGRATION SUITE"],"duration":11,"failureDetails":[],"failureMessages":[],"fullName":"EVENTS & ALERTS INTEGRATION SUITE TC_AI_DET_FAILURE_02: AI Webhook missing imageUrl","invocations":1,"location":null,"numPassingAsserts":2,"retryReasons":[],"status":"passed","title":"TC_AI_DET_FAILURE_02: AI Webhook missing imageUrl"},{"ancestorTitles":["EVENTS & ALERTS INTEGRATION SUITE"],"duration":15,"failureDetails":[],"failureMessages":[],"fullName":"EVENTS & ALERTS INTEGRATION SUITE TC_AI_DET_FAILURE_03: AI Webhook missing detectedAt","invocations":1,"location":null,"numPassingAsserts":2,"retryReasons":[],"status":"passed","title":"TC_AI_DET_FAILURE_03: AI Webhook missing detectedAt"},{"ancestorTitles":["EVENTS & ALERTS INTEGRATION SUITE"],"duration":11,"failureDetails":[],"failureMessages":[],"fullName":"EVENTS & ALERTS INTEGRATION SUITE TC_AI_DET_FAILURE_04: AI Webhook with empty detections array","invocations":1,"location":null,"numPassingAsserts":2,"retryReasons":[],"status":"passed","title":"TC_AI_DET_FAILURE_04: AI Webhook with empty detections array"},{"ancestorTitles":["EVENTS & ALERTS INTEGRATION SUITE"],"duration":10,"failureDetails":[],"failureMessages":[],"fullName":"EVENTS & ALERTS INTEGRATION SUITE TC_AI_DET_FAILURE_06: AI Webhook with negative confidence","invocations":1,"location":null,"numPassingAsserts":2,"retryReasons":[],"status":"passed","title":"TC_AI_DET_FAILURE_06: AI Webhook with negative confidence"},{"ancestorTitles":["EVENTS & ALERTS INTEGRATION SUITE"],"duration":11,"failureDetails":[],"failureMessages":[],"fullName":"EVENTS & ALERTS INTEGRATION SUITE TC_AI_DET_FAILURE_05: AI Webhook with confidence exceeds 1","invocations":1,"location":null,"numPassingAsserts":2,"retryReasons":[],"status":"passed","title":"TC_AI_DET_FAILURE_05: AI Webhook with confidence exceeds 1"},{"ancestorTitles":["EVENTS & ALERTS INTEGRATION SUITE"],"duration":10,"failureDetails":[],"failureMessages":[],"fullName":"EVENTS & ALERTS INTEGRATION SUITE TC_AI_DET_FAILURE_07: AI Webhook with invalid imageUrl URL format","invocations":1,"location":null,"numPassingAsserts":2,"retryReasons":[],"status":"passed","title":"TC_AI_DET_FAILURE_07: AI Webhook with invalid imageUrl URL format"},{"ancestorTitles":["EVENTS & ALERTS INTEGRATION SUITE"],"duration":10,"failureDetails":[],"failureMessages":[],"fullName":"EVENTS & ALERTS INTEGRATION SUITE TC_AI_DET_FAILURE_08: AI Webhook with invalid detectedAt format","invocations":1,"location":null,"numPassingAsserts":2,"retryReasons":[],"status":"passed","title":"TC_AI_DET_FAILURE_08: AI Webhook with invalid detectedAt format"},{"ancestorTitles":["EVENTS & ALERTS INTEGRATION SUITE"],"duration":1,"failureDetails":[],"failureMessages":[],"fullName":"EVENTS & ALERTS INTEGRATION SUITE TC_ALT_FEED_SUCCESS_01: Ranger reads alert feed including security alerts","invocations":1,"location":null,"numPassingAsserts":0,"retryReasons":[],"status":"passed","title":"TC_ALT_FEED_SUCCESS_01: Ranger reads alert feed including security alerts"},{"ancestorTitles":["EVENTS & ALERTS INTEGRATION SUITE"],"duration":1,"failureDetails":[],"failureMessages":[],"fullName":"EVENTS & ALERTS INTEGRATION SUITE TC_ALT_FEED_SUCCESS_02: Citizen reads alert feed without security alerts","invocations":1,"location":null,"numPassingAsserts":0,"retryReasons":[],"status":"passed","title":"TC_ALT_FEED_SUCCESS_02: Citizen reads alert feed without security alerts"},{"ancestorTitles":["EVENTS & ALERTS INTEGRATION SUITE"],"duration":1,"failureDetails":[],"failureMessages":[],"fullName":"EVENTS & ALERTS INTEGRATION SUITE TC_ALT_FEED_FAILURE_01: Retrieve feed with negative page number","invocations":1,"location":null,"numPassingAsserts":0,"retryReasons":[],"status":"passed","title":"TC_ALT_FEED_FAILURE_01: Retrieve feed with negative page number"},{"ancestorTitles":["EVENTS & ALERTS INTEGRATION SUITE"],"duration":1,"failureDetails":[],"failureMessages":[],"fullName":"EVENTS & ALERTS INTEGRATION SUITE TC_ALT_FEED_FAILURE_02: Retrieve feed with negative size number","invocations":1,"location":null,"numPassingAsserts":0,"retryReasons":[],"status":"passed","title":"TC_ALT_FEED_FAILURE_02: Retrieve feed with negative size number"},{"ancestorTitles":["EVENTS & ALERTS INTEGRATION SUITE"],"duration":1,"failureDetails":[],"failureMessages":[],"fullName":"EVENTS & ALERTS INTEGRATION SUITE EVT_READ_SUCCESS_01: Mark alert notification as read successfully","invocations":1,"location":null,"numPassingAsserts":0,"retryReasons":[],"status":"passed","title":"EVT_READ_SUCCESS_01: Mark alert notification as read successfully"},{"ancestorTitles":["EVENTS & ALERTS INTEGRATION SUITE"],"duration":1,"failureDetails":[],"failureMessages":[],"fullName":"EVENTS & ALERTS INTEGRATION SUITE TC_UI_ALERTDETAIL_LOAD_SUCCESS: Retrieve detailed alert information successfully","invocations":1,"location":null,"numPassingAsserts":0,"retryReasons":[],"status":"passed","title":"TC_UI_ALERTDETAIL_LOAD_SUCCESS: Retrieve detailed alert information successfully"},{"ancestorTitles":["EVENTS & ALERTS INTEGRATION SUITE"],"duration":1,"failureDetails":[],"failureMessages":[],"fullName":"EVENTS & ALERTS INTEGRATION SUITE TC_UI_ALERTDETAIL_ANIMAL_VS_INTRUSION: Check alertType classification","invocations":1,"location":null,"numPassingAsserts":0,"retryReasons":[],"status":"passed","title":"TC_UI_ALERTDETAIL_ANIMAL_VS_INTRUSION: Check alertType classification"},{"ancestorTitles":["EVENTS & ALERTS INTEGRATION SUITE"],"duration":0,"failureDetails":[],"failureMessages":[],"fullName":"EVENTS & ALERTS INTEGRATION SUITE TC_AI_DET_SUCCESS_04: Push notification sent via Firebase when wild animal detected","invocations":1,"location":null,"numPassingAsserts":0,"retryReasons":[],"status":"passed","title":"TC_AI_DET_SUCCESS_04: Push notification sent via Firebase when wild animal detected"},{"ancestorTitles":["EVENTS & ALERTS INTEGRATION SUITE"],"duration":1,"failureDetails":[],"failureMessages":[],"fullName":"EVENTS & ALERTS INTEGRATION SUITE TC_AI_DET_SUCCESS_05: No push notification sent when detection is non-dangerous or human","invocations":1,"location":null,"numPassingAsserts":0,"retryReasons":[],"status":"passed","title":"TC_AI_DET_SUCCESS_05: No push notification sent when detection is non-dangerous or human"},{"ancestorTitles":["EVENTS & ALERTS INTEGRATION SUITE"],"duration":1,"failureDetails":[],"failureMessages":[],"fullName":"EVENTS & ALERTS INTEGRATION SUITE TC_AI_DET_FAILURE_09: Firebase push notification fails gracefully on invalid service account key","invocations":1,"location":null,"numPassingAsserts":0,"retryReasons":[],"status":"passed","title":"TC_AI_DET_FAILURE_09: Firebase push notification fails gracefully on invalid service account key"}],"endTime":1785723161916,"message":"","name":"D:\\nckh\\Wildlife-Warning-and-Deterrence-System\\wildlife-mobile-server\\tests\\event.test.ts","startTime":1785723156883,"status":"passed","summary":""},{"assertionResults":[{"ancestorTitles":["STATISTICS TESTING SUITE"],"duration":2,"failureDetails":[],"failureMessages":[],"fullName":"STATISTICS TESTING SUITE TC_STAT_SUM_SUCCESS_01: Retrieve statistics summary successfully with valid dates","invocations":1,"location":null,"numPassingAsserts":0,"retryReasons":[],"status":"passed","title":"TC_STAT_SUM_SUCCESS_01: Retrieve statistics summary successfully with valid dates"},{"ancestorTitles":["STATISTICS TESTING SUITE"],"duration":0,"failureDetails":[],"failureMessages":[],"fullName":"STATISTICS TESTING SUITE TC_STAT_SUM_FAILURE_01: Fail to retrieve statistics due to missing startDate","invocations":1,"location":null,"numPassingAsserts":0,"retryReasons":[],"status":"passed","title":"TC_STAT_SUM_FAILURE_01: Fail to retrieve statistics due to missing startDate"},{"ancestorTitles":["STATISTICS TESTING SUITE"],"duration":0,"failureDetails":[],"failureMessages":[],"fullName":"STATISTICS TESTING SUITE TC_STAT_SUM_FAILURE_02: Fail to retrieve statistics due to missing endDate","invocations":1,"location":null,"numPassingAsserts":0,"retryReasons":[],"status":"passed","title":"TC_STAT_SUM_FAILURE_02: Fail to retrieve statistics due to missing endDate"},{"ancestorTitles":["STATISTICS TESTING SUITE"],"duration":1,"failureDetails":[],"failureMessages":[],"fullName":"STATISTICS TESTING SUITE TC_STAT_SUM_FAILURE_03: Fail to retrieve statistics with invalid format startDate","invocations":1,"location":null,"numPassingAsserts":0,"retryReasons":[],"status":"passed","title":"TC_STAT_SUM_FAILURE_03: Fail to retrieve statistics with invalid format startDate"},{"ancestorTitles":["STATISTICS TESTING SUITE"],"duration":0,"failureDetails":[],"failureMessages":[],"fullName":"STATISTICS TESTING SUITE TC_STAT_SUM_FAILURE_04: Fail to retrieve statistics with invalid format endDate","invocations":1,"location":null,"numPassingAsserts":0,"retryReasons":[],"status":"passed","title":"TC_STAT_SUM_FAILURE_04: Fail to retrieve statistics with invalid format endDate"},{"ancestorTitles":["STATISTICS TESTING SUITE"],"duration":2,"failureDetails":[],"failureMessages":[],"fullName":"STATISTICS TESTING SUITE TC_STAT_SUM_FAILURE_05: Fail to retrieve statistics when startDate is after endDate","invocations":1,"location":null,"numPassingAsserts":0,"retryReasons":[],"status":"passed","title":"TC_STAT_SUM_FAILURE_05: Fail to retrieve statistics when startDate is after endDate"}],"endTime":1785723166838,"message":"","name":"D:\\nckh\\Wildlife-Warning-and-Deterrence-System\\wildlife-mobile-server\\tests\\stats.test.ts","startTime":1785723161923,"status":"passed","summary":""},{"assertionResults":[{"ancestorTitles":["REFERENCE DATA TESTING SUITE"],"duration":2,"failureDetails":[],"failureMessages":[],"fullName":"REFERENCE DATA TESTING SUITE TC_REF_PRE_SUCCESS_01: Retrieve list of preset response configs successfully","invocations":1,"location":null,"numPassingAsserts":0,"retryReasons":[],"status":"passed","title":"TC_REF_PRE_SUCCESS_01: Retrieve list of preset response configs successfully"},{"ancestorTitles":["REFERENCE DATA TESTING SUITE"],"duration":3,"failureDetails":[],"failureMessages":[],"fullName":"REFERENCE DATA TESTING SUITE TC_REF_AUD_SUCCESS_01: Retrieve audio sample directory successfully","invocations":1,"location":null,"numPassingAsserts":0,"retryReasons":[],"status":"passed","title":"TC_REF_AUD_SUCCESS_01: Retrieve audio sample directory successfully"}],"endTime":1785723171693,"message":"","name":"D:\\nckh\\Wildlife-Warning-and-Deterrence-System\\wildlife-mobile-server\\tests\\reference.test.ts","startTime":1785723166844,"status":"passed","summary":""}],"wasInterrupted":false}
