{"numFailedTestSuites":0,"numFailedTests":0,"numPassedTestSuites":8,"numPassedTests":105,"numPendingTestSuites":0,"numPendingTests":0,"numRuntimeErrorTestSuites":0,"numTodoTests":0,"numTotalTestSuites":8,"numTotalTests":105,"openHandles":[],"snapshot":{"added":0,"didUpdate":false,"failure":false,"filesAdded":0,"filesRemoved":0,"filesRemovedList":[],"filesUnmatched":0,"filesUpdated":0,"matched":0,"total":0,"unchecked":0,"uncheckedKeysByFile":[],"unmatched":0,"updated":0},"startTime":1784859345519,"success":true,"testResults":[{"assertionResults":[{"ancestorTitles":["MANUAL SNAPSHOT UPLOAD TESTING SUITE"],"duration":2934,"failureDetails":[],"failureMessages":[],"fullName":"MANUAL SNAPSHOT UPLOAD TESTING SUITE TC_SNAP_UPL_SUCCESS_01: Upload manual camera snapshot successfully to Cloudinary","invocations":1,"location":null,"numPassingAsserts":8,"retryReasons":[],"status":"passed","title":"TC_SNAP_UPL_SUCCESS_01: Upload manual camera snapshot successfully to Cloudinary"},{"ancestorTitles":["MANUAL SNAPSHOT UPLOAD TESTING SUITE"],"duration":10,"failureDetails":[],"failureMessages":[],"fullName":"MANUAL SNAPSHOT UPLOAD TESTING SUITE TC_SNAP_UPL_FAILURE_01: Fail to upload manual camera snapshot due to missing image file","invocations":1,"location":null,"numPassingAsserts":2,"retryReasons":[],"status":"passed","title":"TC_SNAP_UPL_FAILURE_01: Fail to upload manual camera snapshot due to missing image file"},{"ancestorTitles":["MANUAL SNAPSHOT UPLOAD TESTING SUITE"],"duration":48,"failureDetails":[],"failureMessages":[],"fullName":"MANUAL SNAPSHOT UPLOAD TESTING SUITE TC_SNAP_UPL_FAILURE_02: Fail to upload manual camera snapshot with non-existent userId","invocations":1,"location":null,"numPassingAsserts":2,"retryReasons":[],"status":"passed","title":"TC_SNAP_UPL_FAILURE_02: Fail to upload manual camera snapshot with non-existent userId"},{"ancestorTitles":["MANUAL SNAPSHOT UPLOAD TESTING SUITE"],"duration":20,"failureDetails":[],"failureMessages":[],"fullName":"MANUAL SNAPSHOT UPLOAD TESTING SUITE TC_SNAP_UPL_FAILURE_03: Fail to upload manual camera snapshot for non-existent cameraId","invocations":1,"location":null,"numPassingAsserts":2,"retryReasons":[],"status":"passed","title":"TC_SNAP_UPL_FAILURE_03: Fail to upload manual camera snapshot for non-existent cameraId"}],"endTime":1784859349332,"message":"","name":"/Users/trungnguyen/GitHub/Wildlife-Warning-and-Deterrence-System/wildlife-mobile-server/tests/snapshot.test.ts","startTime":1784859345613,"status":"passed","summary":""},{"assertionResults":[{"ancestorTitles":["CAMERA TESTING SUITE"],"duration":23,"failureDetails":[],"failureMessages":[],"fullName":"CAMERA TESTING SUITE TC_CAM_LIST_SUCCESS_01: Retrieve camera list successfully","invocations":1,"location":null,"numPassingAsserts":4,"retryReasons":[],"status":"passed","title":"TC_CAM_LIST_SUCCESS_01: Retrieve camera list successfully"},{"ancestorTitles":["CAMERA TESTING SUITE"],"duration":7,"failureDetails":[],"failureMessages":[],"fullName":"CAMERA TESTING SUITE TC_CAM_LIST_SUCCESS_02: Retrieve empty list when no camera stations exist","invocations":1,"location":null,"numPassingAsserts":3,"retryReasons":[],"status":"passed","title":"TC_CAM_LIST_SUCCESS_02: Retrieve empty list when no camera stations exist"},{"ancestorTitles":["CAMERA TESTING SUITE"],"duration":3,"failureDetails":[],"failureMessages":[],"fullName":"CAMERA TESTING SUITE TC_CAM_LIST_FAILURE_01: Fail to list cameras due to invalid token","invocations":1,"location":null,"numPassingAsserts":2,"retryReasons":[],"status":"passed","title":"TC_CAM_LIST_FAILURE_01: Fail to list cameras due to invalid token"},{"ancestorTitles":["CAMERA TESTING SUITE"],"duration":1006,"failureDetails":[],"failureMessages":[],"fullName":"CAMERA TESTING SUITE TC_CAM_SSE_SUCCESS_01: Establish SSE stream connection successfully","invocations":1,"location":null,"numPassingAsserts":2,"retryReasons":[],"status":"passed","title":"TC_CAM_SSE_SUCCESS_01: Establish SSE stream connection successfully"},{"ancestorTitles":["CAMERA TESTING SUITE"],"duration":26,"failureDetails":[],"failureMessages":[],"fullName":"CAMERA TESTING SUITE TC_CAM_SSE_FAILURE_01: Fail to establish SSE connection without valid token","invocations":1,"location":null,"numPassingAsserts":1,"retryReasons":[],"status":"passed","title":"TC_CAM_SSE_FAILURE_01: Fail to establish SSE connection without valid token"},{"ancestorTitles":["CAMERA TESTING SUITE"],"duration":8,"failureDetails":[],"failureMessages":[],"fullName":"CAMERA TESTING SUITE TC_CAM_DET_SUCCESS_01: Retrieve camera details successfully","invocations":1,"location":null,"numPassingAsserts":3,"retryReasons":[],"status":"passed","title":"TC_CAM_DET_SUCCESS_01: Retrieve camera details successfully"},{"ancestorTitles":["CAMERA TESTING SUITE"],"duration":5,"failureDetails":[],"failureMessages":[],"fullName":"CAMERA TESTING SUITE TC_CAM_DET_FAILURE_01: Retrieve details of non-existing camera","invocations":1,"location":null,"numPassingAsserts":1,"retryReasons":[],"status":"passed","title":"TC_CAM_DET_FAILURE_01: Retrieve details of non-existing camera"},{"ancestorTitles":["CAMERA TESTING SUITE"],"duration":4,"failureDetails":[],"failureMessages":[],"fullName":"CAMERA TESTING SUITE TC_CAM_DET_FAILURE_02: Retrieve details with camera ID exceeds limit","invocations":1,"location":null,"numPassingAsserts":3,"retryReasons":[],"status":"passed","title":"TC_CAM_DET_FAILURE_02: Retrieve details with camera ID exceeds limit"},{"ancestorTitles":["CAMERA TESTING SUITE"],"duration":7,"failureDetails":[],"failureMessages":[],"fullName":"CAMERA TESTING SUITE TC_CAM_REN_SUCCESS_01: Rename camera successfully by Ranger","invocations":1,"location":null,"numPassingAsserts":2,"retryReasons":[],"status":"passed","title":"TC_CAM_REN_SUCCESS_01: Rename camera successfully by Ranger"},{"ancestorTitles":["CAMERA TESTING SUITE"],"duration":4,"failureDetails":[],"failureMessages":[],"fullName":"CAMERA TESTING SUITE CAM_RENAME_FAILURE_CITIZEN: Rename camera failed by Citizen (Forbidden)","invocations":1,"location":null,"numPassingAsserts":1,"retryReasons":[],"status":"passed","title":"CAM_RENAME_FAILURE_CITIZEN: Rename camera failed by Citizen (Forbidden)"},{"ancestorTitles":["CAMERA TESTING SUITE"],"duration":4,"failureDetails":[],"failureMessages":[],"fullName":"CAMERA TESTING SUITE TC_CAM_REN_FAILURE_01: Rename camera missing name","invocations":1,"location":null,"numPassingAsserts":1,"retryReasons":[],"status":"passed","title":"TC_CAM_REN_FAILURE_01: Rename camera missing name"},{"ancestorTitles":["CAMERA TESTING SUITE"],"duration":4,"failureDetails":[],"failureMessages":[],"fullName":"CAMERA TESTING SUITE TC_CAM_REN_FAILURE_02: Rename camera name exceeds limit","invocations":1,"location":null,"numPassingAsserts":1,"retryReasons":[],"status":"passed","title":"TC_CAM_REN_FAILURE_02: Rename camera name exceeds limit"},{"ancestorTitles":["CAMERA TESTING SUITE"],"duration":4,"failureDetails":[],"failureMessages":[],"fullName":"CAMERA TESTING SUITE TC_CAM_REN_FAILURE_03: Fail to rename camera for non-existent cameraId","invocations":1,"location":null,"numPassingAsserts":2,"retryReasons":[],"status":"passed","title":"TC_CAM_REN_FAILURE_03: Fail to rename camera for non-existent cameraId"},{"ancestorTitles":["CAMERA TESTING SUITE"],"duration":9,"failureDetails":[],"failureMessages":[],"fullName":"CAMERA TESTING SUITE TC_DEV_TST_SUCCESS_01: Trigger device test successfully","invocations":1,"location":null,"numPassingAsserts":3,"retryReasons":[],"status":"passed","title":"TC_DEV_TST_SUCCESS_01: Trigger device test successfully"},{"ancestorTitles":["CAMERA TESTING SUITE"],"duration":3,"failureDetails":[],"failureMessages":[],"fullName":"CAMERA TESTING SUITE TC_DEV_TST_FAILURE_01: Device test missing durationSeconds","invocations":1,"location":null,"numPassingAsserts":2,"retryReasons":[],"status":"passed","title":"TC_DEV_TST_FAILURE_01: Device test missing durationSeconds"},{"ancestorTitles":["CAMERA TESTING SUITE"],"duration":4,"failureDetails":[],"failureMessages":[],"fullName":"CAMERA TESTING SUITE TC_DEV_TST_FAILURE_02: Device test missing intensity","invocations":1,"location":null,"numPassingAsserts":2,"retryReasons":[],"status":"passed","title":"TC_DEV_TST_FAILURE_02: Device test missing intensity"},{"ancestorTitles":["CAMERA TESTING SUITE"],"duration":3,"failureDetails":[],"failureMessages":[],"fullName":"CAMERA TESTING SUITE TC_DEV_TST_FAILURE_05: Device test with negative duration","invocations":1,"location":null,"numPassingAsserts":2,"retryReasons":[],"status":"passed","title":"TC_DEV_TST_FAILURE_05: Device test with negative duration"},{"ancestorTitles":["CAMERA TESTING SUITE"],"duration":3,"failureDetails":[],"failureMessages":[],"fullName":"CAMERA TESTING SUITE TC_DEV_TST_FAILURE_04: Device test with intensity negative","invocations":1,"location":null,"numPassingAsserts":2,"retryReasons":[],"status":"passed","title":"TC_DEV_TST_FAILURE_04: Device test with intensity negative"},{"ancestorTitles":["CAMERA TESTING SUITE"],"duration":4,"failureDetails":[],"failureMessages":[],"fullName":"CAMERA TESTING SUITE TC_DEV_TST_FAILURE_03: Device test with intensity exceeds 100","invocations":1,"location":null,"numPassingAsserts":2,"retryReasons":[],"status":"passed","title":"TC_DEV_TST_FAILURE_03: Device test with intensity exceeds 100"},{"ancestorTitles":["CAMERA TESTING SUITE"],"duration":3,"failureDetails":[],"failureMessages":[],"fullName":"CAMERA TESTING SUITE TC_DEV_TST_FAILURE_06: Device test with unsupported device key","invocations":1,"location":null,"numPassingAsserts":2,"retryReasons":[],"status":"passed","title":"TC_DEV_TST_FAILURE_06: Device test with unsupported device key"}],"endTime":1784859350829,"message":"","name":"/Users/trungnguyen/GitHub/Wildlife-Warning-and-Deterrence-System/wildlife-mobile-server/tests/camera.test.ts","startTime":1784859349335,"status":"passed","summary":""},{"assertionResults":[{"ancestorTitles":["EVENTS & ALERTS INTEGRATION SUITE"],"duration":19,"failureDetails":[],"failureMessages":[],"fullName":"EVENTS & ALERTS INTEGRATION SUITE EVT_LIST_SUCCESS_01: Retrieve event history logs successfully","invocations":1,"location":null,"numPassingAsserts":2,"retryReasons":[],"status":"passed","title":"EVT_LIST_SUCCESS_01: Retrieve event history logs successfully"},{"ancestorTitles":["EVENTS & ALERTS INTEGRATION SUITE"],"duration":13,"failureDetails":[],"failureMessages":[],"fullName":"EVENTS & ALERTS INTEGRATION SUITE TC_AI_DET_SUCCESS_01: Create new event and alert from AI webhook","invocations":1,"location":null,"numPassingAsserts":4,"retryReasons":[],"status":"passed","title":"TC_AI_DET_SUCCESS_01: Create new event and alert from AI webhook"},{"ancestorTitles":["EVENTS & ALERTS INTEGRATION SUITE"],"duration":6,"failureDetails":[],"failureMessages":[],"fullName":"EVENTS & ALERTS INTEGRATION SUITE TC_AI_DET_SUCCESS_02: Append to active event if duration is under 5 minutes","invocations":1,"location":null,"numPassingAsserts":2,"retryReasons":[],"status":"passed","title":"TC_AI_DET_SUCCESS_02: Append to active event if duration is under 5 minutes"},{"ancestorTitles":["EVENTS & ALERTS INTEGRATION SUITE"],"duration":9,"failureDetails":[],"failureMessages":[],"fullName":"EVENTS & ALERTS INTEGRATION SUITE TC_AI_DET_SUCCESS_03: Split into new event if duration exceeds 5 minutes","invocations":1,"location":null,"numPassingAsserts":1,"retryReasons":[],"status":"passed","title":"TC_AI_DET_SUCCESS_03: Split into new event if duration exceeds 5 minutes"},{"ancestorTitles":["EVENTS & ALERTS INTEGRATION SUITE"],"duration":2,"failureDetails":[],"failureMessages":[],"fullName":"EVENTS & ALERTS INTEGRATION SUITE TC_AI_DET_FAILURE_01: AI Webhook missing detections","invocations":1,"location":null,"numPassingAsserts":2,"retryReasons":[],"status":"passed","title":"TC_AI_DET_FAILURE_01: AI Webhook missing detections"},{"ancestorTitles":["EVENTS & ALERTS INTEGRATION SUITE"],"duration":3,"failureDetails":[],"failureMessages":[],"fullName":"EVENTS & ALERTS INTEGRATION SUITE TC_AI_DET_FAILURE_02: AI Webhook missing imageUrl","invocations":1,"location":null,"numPassingAsserts":2,"retryReasons":[],"status":"passed","title":"TC_AI_DET_FAILURE_02: AI Webhook missing imageUrl"},{"ancestorTitles":["EVENTS & ALERTS INTEGRATION SUITE"],"duration":2,"failureDetails":[],"failureMessages":[],"fullName":"EVENTS & ALERTS INTEGRATION SUITE TC_AI_DET_FAILURE_03: AI Webhook missing detectedAt","invocations":1,"location":null,"numPassingAsserts":2,"retryReasons":[],"status":"passed","title":"TC_AI_DET_FAILURE_03: AI Webhook missing detectedAt"},{"ancestorTitles":["EVENTS & ALERTS INTEGRATION SUITE"],"duration":3,"failureDetails":[],"failureMessages":[],"fullName":"EVENTS & ALERTS INTEGRATION SUITE TC_AI_DET_FAILURE_04: AI Webhook with empty detections array","invocations":1,"location":null,"numPassingAsserts":2,"retryReasons":[],"status":"passed","title":"TC_AI_DET_FAILURE_04: AI Webhook with empty detections array"},{"ancestorTitles":["EVENTS & ALERTS INTEGRATION SUITE"],"duration":2,"failureDetails":[],"failureMessages":[],"fullName":"EVENTS & ALERTS INTEGRATION SUITE TC_AI_DET_FAILURE_06: AI Webhook with negative confidence","invocations":1,"location":null,"numPassingAsserts":2,"retryReasons":[],"status":"passed","title":"TC_AI_DET_FAILURE_06: AI Webhook with negative confidence"},{"ancestorTitles":["EVENTS & ALERTS INTEGRATION SUITE"],"duration":2,"failureDetails":[],"failureMessages":[],"fullName":"EVENTS & ALERTS INTEGRATION SUITE TC_AI_DET_FAILURE_05: AI Webhook with confidence exceeds 1","invocations":1,"location":null,"numPassingAsserts":2,"retryReasons":[],"status":"passed","title":"TC_AI_DET_FAILURE_05: AI Webhook with confidence exceeds 1"},{"ancestorTitles":["EVENTS & ALERTS INTEGRATION SUITE"],"duration":3,"failureDetails":[],"failureMessages":[],"fullName":"EVENTS & ALERTS INTEGRATION SUITE TC_AI_DET_FAILURE_07: AI Webhook with invalid imageUrl URL format","invocations":1,"location":null,"numPassingAsserts":2,"retryReasons":[],"status":"passed","title":"TC_AI_DET_FAILURE_07: AI Webhook with invalid imageUrl URL format"},{"ancestorTitles":["EVENTS & ALERTS INTEGRATION SUITE"],"duration":2,"failureDetails":[],"failureMessages":[],"fullName":"EVENTS & ALERTS INTEGRATION SUITE TC_AI_DET_FAILURE_08: AI Webhook with invalid detectedAt format","invocations":1,"location":null,"numPassingAsserts":2,"retryReasons":[],"status":"passed","title":"TC_AI_DET_FAILURE_08: AI Webhook with invalid detectedAt format"},{"ancestorTitles":["EVENTS & ALERTS INTEGRATION SUITE"],"duration":10,"failureDetails":[],"failureMessages":[],"fullName":"EVENTS & ALERTS INTEGRATION SUITE TC_ALT_FEED_SUCCESS_01: Ranger reads alert feed including security alerts","invocations":1,"location":null,"numPassingAsserts":2,"retryReasons":[],"status":"passed","title":"TC_ALT_FEED_SUCCESS_01: Ranger reads alert feed including security alerts"},{"ancestorTitles":["EVENTS & ALERTS INTEGRATION SUITE"],"duration":5,"failureDetails":[],"failureMessages":[],"fullName":"EVENTS & ALERTS INTEGRATION SUITE TC_ALT_FEED_SUCCESS_02: Citizen reads alert feed without security alerts","invocations":1,"location":null,"numPassingAsserts":2,"retryReasons":[],"status":"passed","title":"TC_ALT_FEED_SUCCESS_02: Citizen reads alert feed without security alerts"},{"ancestorTitles":["EVENTS & ALERTS INTEGRATION SUITE"],"duration":2,"failureDetails":[],"failureMessages":[],"fullName":"EVENTS & ALERTS INTEGRATION SUITE TC_ALT_FEED_FAILURE_01: Retrieve feed with negative page number","invocations":1,"location":null,"numPassingAsserts":2,"retryReasons":[],"status":"passed","title":"TC_ALT_FEED_FAILURE_01: Retrieve feed with negative page number"},{"ancestorTitles":["EVENTS & ALERTS INTEGRATION SUITE"],"duration":3,"failureDetails":[],"failureMessages":[],"fullName":"EVENTS & ALERTS INTEGRATION SUITE TC_ALT_FEED_FAILURE_02: Retrieve feed with negative size number","invocations":1,"location":null,"numPassingAsserts":2,"retryReasons":[],"status":"passed","title":"TC_ALT_FEED_FAILURE_02: Retrieve feed with negative size number"},{"ancestorTitles":["EVENTS & ALERTS INTEGRATION SUITE"],"duration":10,"failureDetails":[],"failureMessages":[],"fullName":"EVENTS & ALERTS INTEGRATION SUITE EVT_READ_SUCCESS_01: Mark alert notification as read successfully","invocations":1,"location":null,"numPassingAsserts":2,"retryReasons":[],"status":"passed","title":"EVT_READ_SUCCESS_01: Mark alert notification as read successfully"},{"ancestorTitles":["EVENTS & ALERTS INTEGRATION SUITE"],"duration":15,"failureDetails":[],"failureMessages":[],"fullName":"EVENTS & ALERTS INTEGRATION SUITE TC_AI_DET_SUCCESS_04: Push notification sent via Firebase when wild animal detected","invocations":1,"location":null,"numPassingAsserts":2,"retryReasons":[],"status":"passed","title":"TC_AI_DET_SUCCESS_04: Push notification sent via Firebase when wild animal detected"},{"ancestorTitles":["EVENTS & ALERTS INTEGRATION SUITE"],"duration":6,"failureDetails":[],"failureMessages":[],"fullName":"EVENTS & ALERTS INTEGRATION SUITE TC_AI_DET_SUCCESS_05: No push notification sent when detection is non-dangerous or human","invocations":1,"location":null,"numPassingAsserts":2,"retryReasons":[],"status":"passed","title":"TC_AI_DET_SUCCESS_05: No push notification sent when detection is non-dangerous or human"},{"ancestorTitles":["EVENTS & ALERTS INTEGRATION SUITE"],"duration":10,"failureDetails":[],"failureMessages":[],"fullName":"EVENTS & ALERTS INTEGRATION SUITE TC_AI_DET_FAILURE_09: Firebase push notification fails gracefully on invalid service account key","invocations":1,"location":null,"numPassingAsserts":1,"retryReasons":[],"status":"passed","title":"TC_AI_DET_FAILURE_09: Firebase push notification fails gracefully on invalid service account key"}],"endTime":1784859351314,"message":"","name":"/Users/trungnguyen/GitHub/Wildlife-Warning-and-Deterrence-System/wildlife-mobile-server/tests/event.test.ts","startTime":1784859350831,"status":"passed","summary":""},{"assertionResults":[{"ancestorTitles":["SMS ALERT RECIPIENTS TESTING SUITE"],"duration":19,"failureDetails":[],"failureMessages":[],"fullName":"SMS ALERT RECIPIENTS TESTING SUITE TC_SMS_LIST_SUCCESS_01: Retrieve registered SMS recipients list successfully","invocations":1,"location":null,"numPassingAsserts":2,"retryReasons":[],"status":"passed","title":"TC_SMS_LIST_SUCCESS_01: Retrieve registered SMS recipients list successfully"},{"ancestorTitles":["SMS ALERT RECIPIENTS TESTING SUITE"],"duration":7,"failureDetails":[],"failureMessages":[],"fullName":"SMS ALERT RECIPIENTS TESTING SUITE TC_SMS_ADD_SUCCESS_01: Register a secondary SMS recipient successfully","invocations":1,"location":null,"numPassingAsserts":5,"retryReasons":[],"status":"passed","title":"TC_SMS_ADD_SUCCESS_01: Register a secondary SMS recipient successfully"},{"ancestorTitles":["SMS ALERT RECIPIENTS TESTING SUITE"],"duration":3,"failureDetails":[],"failureMessages":[],"fullName":"SMS ALERT RECIPIENTS TESTING SUITE TC_SMS_ADD_FAILURE_02: Register recipient missing fullName","invocations":1,"location":null,"numPassingAsserts":2,"retryReasons":[],"status":"passed","title":"TC_SMS_ADD_FAILURE_02: Register recipient missing fullName"},{"ancestorTitles":["SMS ALERT RECIPIENTS TESTING SUITE"],"duration":3,"failureDetails":[],"failureMessages":[],"fullName":"SMS ALERT RECIPIENTS TESTING SUITE TC_SMS_ADD_FAILURE_03: Register recipient missing phoneNumber","invocations":1,"location":null,"numPassingAsserts":2,"retryReasons":[],"status":"passed","title":"TC_SMS_ADD_FAILURE_03: Register recipient missing phoneNumber"},{"ancestorTitles":["SMS ALERT RECIPIENTS TESTING SUITE"],"duration":4,"failureDetails":[],"failureMessages":[],"fullName":"SMS ALERT RECIPIENTS TESTING SUITE TC_SMS_ADD_FAILURE_04: Register recipient missing relation","invocations":1,"location":null,"numPassingAsserts":2,"retryReasons":[],"status":"passed","title":"TC_SMS_ADD_FAILURE_04: Register recipient missing relation"},{"ancestorTitles":["SMS ALERT RECIPIENTS TESTING SUITE"],"duration":3,"failureDetails":[],"failureMessages":[],"fullName":"SMS ALERT RECIPIENTS TESTING SUITE TC_SMS_ADD_FAILURE_05: Register recipient with invalid phone number format","invocations":1,"location":null,"numPassingAsserts":2,"retryReasons":[],"status":"passed","title":"TC_SMS_ADD_FAILURE_05: Register recipient with invalid phone number format"},{"ancestorTitles":["SMS ALERT RECIPIENTS TESTING SUITE"],"duration":2,"failureDetails":[],"failureMessages":[],"fullName":"SMS ALERT RECIPIENTS TESTING SUITE TC_SMS_ADD_FAILURE_06: Register recipient with invalid relation value","invocations":1,"location":null,"numPassingAsserts":2,"retryReasons":[],"status":"passed","title":"TC_SMS_ADD_FAILURE_06: Register recipient with invalid relation value"},{"ancestorTitles":["SMS ALERT RECIPIENTS TESTING SUITE"],"duration":11,"failureDetails":[],"failureMessages":[],"fullName":"SMS ALERT RECIPIENTS TESTING SUITE TC_SMS_ADD_FAILURE_01: Register recipient violates the limit of 3 secondary numbers","invocations":1,"location":null,"numPassingAsserts":2,"retryReasons":[],"status":"passed","title":"TC_SMS_ADD_FAILURE_01: Register recipient violates the limit of 3 secondary numbers"},{"ancestorTitles":["SMS ALERT RECIPIENTS TESTING SUITE"],"duration":11,"failureDetails":[],"failureMessages":[],"fullName":"SMS ALERT RECIPIENTS TESTING SUITE TC_SMS_DEL_SUCCESS_01: Delete SMS recipient registration successfully","invocations":1,"location":null,"numPassingAsserts":1,"retryReasons":[],"status":"passed","title":"TC_SMS_DEL_SUCCESS_01: Delete SMS recipient registration successfully"},{"ancestorTitles":["SMS ALERT RECIPIENTS TESTING SUITE"],"duration":2,"failureDetails":[],"failureMessages":[],"fullName":"SMS ALERT RECIPIENTS TESTING SUITE TC_SMS_DEL_FAILURE_01: Fail to delete SMS recipient that does not belong to current user","invocations":1,"location":null,"numPassingAsserts":2,"retryReasons":[],"status":"passed","title":"TC_SMS_DEL_FAILURE_01: Fail to delete SMS recipient that does not belong to current user"}],"endTime":1784859351619,"message":"","name":"/Users/trungnguyen/GitHub/Wildlife-Warning-and-Deterrence-System/wildlife-mobile-server/tests/sms.test.ts","startTime":1784859351316,"status":"passed","summary":""},{"assertionResults":[{"ancestorTitles":["HỆ THỐNG & HEALTH CHECK"],"duration":4,"failureDetails":[],"failureMessages":[],"fullName":"HỆ THỐNG & HEALTH CHECK TC_SYS_HLT_SUCCESS_01: Retrieve system health status successfully","invocations":1,"location":null,"numPassingAsserts":3,"retryReasons":[],"status":"passed","title":"TC_SYS_HLT_SUCCESS_01: Retrieve system health status successfully"},{"ancestorTitles":["AUTH_REGISTER - Đăng ký tài khoản"],"duration":68,"failureDetails":[],"failureMessages":[],"fullName":"AUTH_REGISTER - Đăng ký tài khoản TC_AUTH_REG_SUCCESS_01: Register user successfully","invocations":1,"location":null,"numPassingAsserts":7,"retryReasons":[],"status":"passed","title":"TC_AUTH_REG_SUCCESS_01: Register user successfully"},{"ancestorTitles":["AUTH_REGISTER - Đăng ký tài khoản"],"duration":3,"failureDetails":[],"failureMessages":[],"fullName":"AUTH_REGISTER - Đăng ký tài khoản TC_AUTH_REG_FAILURE_02: Fail to register due to missing username","invocations":1,"location":null,"numPassingAsserts":2,"retryReasons":[],"status":"passed","title":"TC_AUTH_REG_FAILURE_02: Fail to register due to missing username"},{"ancestorTitles":["AUTH_REGISTER - Đăng ký tài khoản"],"duration":2,"failureDetails":[],"failureMessages":[],"fullName":"AUTH_REGISTER - Đăng ký tài khoản TC_AUTH_REG_FAILURE_03: Fail to register due to missing password","invocations":1,"location":null,"numPassingAsserts":2,"retryReasons":[],"status":"passed","title":"TC_AUTH_REG_FAILURE_03: Fail to register due to missing password"},{"ancestorTitles":["AUTH_REGISTER - Đăng ký tài khoản"],"duration":2,"failureDetails":[],"failureMessages":[],"fullName":"AUTH_REGISTER - Đăng ký tài khoản TC_AUTH_REG_FAILURE_04: Fail to register due to missing fullName","invocations":1,"location":null,"numPassingAsserts":2,"retryReasons":[],"status":"passed","title":"TC_AUTH_REG_FAILURE_04: Fail to register due to missing fullName"},{"ancestorTitles":["AUTH_REGISTER - Đăng ký tài khoản"],"duration":2,"failureDetails":[],"failureMessages":[],"fullName":"AUTH_REGISTER - Đăng ký tài khoản TC_AUTH_REG_FAILURE_05: Fail to register due to missing phoneNumber","invocations":1,"location":null,"numPassingAsserts":2,"retryReasons":[],"status":"passed","title":"TC_AUTH_REG_FAILURE_05: Fail to register due to missing phoneNumber"},{"ancestorTitles":["AUTH_REGISTER - Đăng ký tài khoản"],"duration":2,"failureDetails":[],"failureMessages":[],"fullName":"AUTH_REGISTER - Đăng ký tài khoản TC_AUTH_REG_FAILURE_06: Fail to register due to missing role","invocations":1,"location":null,"numPassingAsserts":2,"retryReasons":[],"status":"passed","title":"TC_AUTH_REG_FAILURE_06: Fail to register due to missing role"},{"ancestorTitles":["AUTH_REGISTER - Đăng ký tài khoản"],"duration":5,"failureDetails":[],"failureMessages":[],"fullName":"AUTH_REGISTER - Đăng ký tài khoản TC_AUTH_REG_FAILURE_07: Fail to register with invalid format phone number","invocations":1,"location":null,"numPassingAsserts":2,"retryReasons":[],"status":"passed","title":"TC_AUTH_REG_FAILURE_07: Fail to register with invalid format phone number"},{"ancestorTitles":["AUTH_REGISTER - Đăng ký tài khoản"],"duration":2,"failureDetails":[],"failureMessages":[],"fullName":"AUTH_REGISTER - Đăng ký tài khoản TC_AUTH_REG_FAILURE_08: Fail to register with password too short","invocations":1,"location":null,"numPassingAsserts":2,"retryReasons":[],"status":"passed","title":"TC_AUTH_REG_FAILURE_08: Fail to register with password too short"},{"ancestorTitles":["AUTH_REGISTER - Đăng ký tài khoản"],"duration":3,"failureDetails":[],"failureMessages":[],"fullName":"AUTH_REGISTER - Đăng ký tài khoản TC_AUTH_REG_FAILURE_01: Fail to register with a duplicate username","invocations":1,"location":null,"numPassingAsserts":2,"retryReasons":[],"status":"passed","title":"TC_AUTH_REG_FAILURE_01: Fail to register with a duplicate username"},{"ancestorTitles":["AUTH_REGISTER - Đăng ký tài khoản"],"duration":2,"failureDetails":[],"failureMessages":[],"fullName":"AUTH_REGISTER - Đăng ký tài khoản TC_AUTH_REG_FAILURE_09: Fail to register with non-existent system role","invocations":1,"location":null,"numPassingAsserts":3,"retryReasons":[],"status":"passed","title":"TC_AUTH_REG_FAILURE_09: Fail to register with non-existent system role"},{"ancestorTitles":["AUTH_LOGIN - Đăng nhập tài khoản"],"duration":53,"failureDetails":[],"failureMessages":[],"fullName":"AUTH_LOGIN - Đăng nhập tài khoản TC_AUTH_LOG_SUCCESS_01: Login successfully with correct credentials","invocations":1,"location":null,"numPassingAsserts":3,"retryReasons":[],"status":"passed","title":"TC_AUTH_LOG_SUCCESS_01: Login successfully with correct credentials"},{"ancestorTitles":["AUTH_LOGIN - Đăng nhập tài khoản"],"duration":51,"failureDetails":[],"failureMessages":[],"fullName":"AUTH_LOGIN - Đăng nhập tài khoản TC_AUTH_LOG_FAILURE_01: Fail to login with incorrect password","invocations":1,"location":null,"numPassingAsserts":2,"retryReasons":[],"status":"passed","title":"TC_AUTH_LOG_FAILURE_01: Fail to login with incorrect password"},{"ancestorTitles":["AUTH_LOGIN - Đăng nhập tài khoản"],"duration":2,"failureDetails":[],"failureMessages":[],"fullName":"AUTH_LOGIN - Đăng nhập tài khoản AUTH_LOGIN_FAILURE_02: Login with non-existing username","invocations":1,"location":null,"numPassingAsserts":2,"retryReasons":[],"status":"passed","title":"AUTH_LOGIN_FAILURE_02: Login with non-existing username"},{"ancestorTitles":["AUTH_LOGIN - Đăng nhập tài khoản"],"duration":2,"failureDetails":[],"failureMessages":[],"fullName":"AUTH_LOGIN - Đăng nhập tài khoản TC_AUTH_LOG_FAILURE_02: Fail to login due to missing username","invocations":1,"location":null,"numPassingAsserts":2,"retryReasons":[],"status":"passed","title":"TC_AUTH_LOG_FAILURE_02: Fail to login due to missing username"},{"ancestorTitles":["AUTH_LOGIN - Đăng nhập tài khoản"],"duration":2,"failureDetails":[],"failureMessages":[],"fullName":"AUTH_LOGIN - Đăng nhập tài khoản TC_AUTH_LOG_FAILURE_03: Fail to login due to missing password","invocations":1,"location":null,"numPassingAsserts":2,"retryReasons":[],"status":"passed","title":"TC_AUTH_LOG_FAILURE_03: Fail to login due to missing password"},{"ancestorTitles":["AUTH_ME & LOGOUT - Phiên đăng nhập"],"duration":12,"failureDetails":[],"failureMessages":[],"fullName":"AUTH_ME & LOGOUT - Phiên đăng nhập AUTH_ME_SUCCESS_01: Retrieve profile details successfully","invocations":1,"location":null,"numPassingAsserts":3,"retryReasons":[],"status":"passed","title":"AUTH_ME_SUCCESS_01: Retrieve profile details successfully"},{"ancestorTitles":["AUTH_ME & LOGOUT - Phiên đăng nhập"],"duration":7,"failureDetails":[],"failureMessages":[],"fullName":"AUTH_ME & LOGOUT - Phiên đăng nhập TC_AUTH_OUT_SUCCESS_01: Logout successfully with a valid token","invocations":1,"location":null,"numPassingAsserts":3,"retryReasons":[],"status":"passed","title":"TC_AUTH_OUT_SUCCESS_01: Logout successfully with a valid token"},{"ancestorTitles":["AUTH_ME & LOGOUT - Phiên đăng nhập"],"duration":2,"failureDetails":[],"failureMessages":[],"fullName":"AUTH_ME & LOGOUT - Phiên đăng nhập TC_AUTH_OUT_FAILURE_01: Fail to logout with missing authorization header","invocations":1,"location":null,"numPassingAsserts":2,"retryReasons":[],"status":"passed","title":"TC_AUTH_OUT_FAILURE_01: Fail to logout with missing authorization header"},{"ancestorTitles":["AUTH_ME & LOGOUT - Phiên đăng nhập"],"duration":3,"failureDetails":[],"failureMessages":[],"fullName":"AUTH_ME & LOGOUT - Phiên đăng nhập TC_AUTH_OUT_FAILURE_02: Fail to logout with invalid format token","invocations":1,"location":null,"numPassingAsserts":2,"retryReasons":[],"status":"passed","title":"TC_AUTH_OUT_FAILURE_02: Fail to logout with invalid format token"}],"endTime":1784859352018,"message":"","name":"/Users/trungnguyen/GitHub/Wildlife-Warning-and-Deterrence-System/wildlife-mobile-server/tests/auth.test.ts","startTime":1784859351620,"status":"passed","summary":""},{"assertionResults":[{"ancestorTitles":["RESPONSE CONFIGS TESTING SUITE"],"duration":16,"failureDetails":[],"failureMessages":[],"fullName":"RESPONSE CONFIGS TESTING SUITE TC_SPC_LIST_SUCCESS_01: Retrieve species directory successfully","invocations":1,"location":null,"numPassingAsserts":4,"retryReasons":[],"status":"passed","title":"TC_SPC_LIST_SUCCESS_01: Retrieve species directory successfully"},{"ancestorTitles":["RESPONSE CONFIGS TESTING SUITE"],"duration":4,"failureDetails":[],"failureMessages":[],"fullName":"RESPONSE CONFIGS TESTING SUITE TC_CFG_LIST_SUCCESS_01: Retrieve configs applied at camera successfully","invocations":1,"location":null,"numPassingAsserts":2,"retryReasons":[],"status":"passed","title":"TC_CFG_LIST_SUCCESS_01: Retrieve configs applied at camera successfully"},{"ancestorTitles":["RESPONSE CONFIGS TESTING SUITE"],"duration":3,"failureDetails":[],"failureMessages":[],"fullName":"RESPONSE CONFIGS TESTING SUITE TC_CFG_LIST_FAILURE_01: Fail to retrieve config list for non-existent camera","invocations":1,"location":null,"numPassingAsserts":2,"retryReasons":[],"status":"passed","title":"TC_CFG_LIST_FAILURE_01: Fail to retrieve config list for non-existent camera"},{"ancestorTitles":["RESPONSE CONFIGS TESTING SUITE"],"duration":11,"failureDetails":[],"failureMessages":[],"fullName":"RESPONSE CONFIGS TESTING SUITE TC_CFG_DET_SUCCESS_01: Retrieve custom configuration successfully when custom record exists","invocations":1,"location":null,"numPassingAsserts":4,"retryReasons":[],"status":"passed","title":"TC_CFG_DET_SUCCESS_01: Retrieve custom configuration successfully when custom record exists"},{"ancestorTitles":["RESPONSE CONFIGS TESTING SUITE"],"duration":7,"failureDetails":[],"failureMessages":[],"fullName":"RESPONSE CONFIGS TESTING SUITE TC_CFG_DET_SUCCESS_02: Retrieve custom config details or fallback preset","invocations":1,"location":null,"numPassingAsserts":3,"retryReasons":[],"status":"passed","title":"TC_CFG_DET_SUCCESS_02: Retrieve custom config details or fallback preset"},{"ancestorTitles":["RESPONSE CONFIGS TESTING SUITE"],"duration":5,"failureDetails":[],"failureMessages":[],"fullName":"RESPONSE CONFIGS TESTING SUITE TC_CFG_DET_FAILURE_01: Fail to retrieve config when cameraId query parameter is missing","invocations":1,"location":null,"numPassingAsserts":2,"retryReasons":[],"status":"passed","title":"TC_CFG_DET_FAILURE_01: Fail to retrieve config when cameraId query parameter is missing"},{"ancestorTitles":["RESPONSE CONFIGS TESTING SUITE"],"duration":3,"failureDetails":[],"failureMessages":[],"fullName":"RESPONSE CONFIGS TESTING SUITE TC_CFG_DET_FAILURE_02: Fail to retrieve config when speciesId query parameter is missing","invocations":1,"location":null,"numPassingAsserts":2,"retryReasons":[],"status":"passed","title":"TC_CFG_DET_FAILURE_02: Fail to retrieve config when speciesId query parameter is missing"},{"ancestorTitles":["RESPONSE CONFIGS TESTING SUITE"],"duration":3,"failureDetails":[],"failureMessages":[],"fullName":"RESPONSE CONFIGS TESTING SUITE TC_CFG_DET_FAILURE_03: Fail to retrieve config when speciesId is invalid","invocations":1,"location":null,"numPassingAsserts":2,"retryReasons":[],"status":"passed","title":"TC_CFG_DET_FAILURE_03: Fail to retrieve config when speciesId is invalid"},{"ancestorTitles":["RESPONSE CONFIGS TESTING SUITE"],"duration":4,"failureDetails":[],"failureMessages":[],"fullName":"RESPONSE CONFIGS TESTING SUITE TC_CFG_SAVE_SUCCESS_01: Save custom defense configuration successfully","invocations":1,"location":null,"numPassingAsserts":3,"retryReasons":[],"status":"passed","title":"TC_CFG_SAVE_SUCCESS_01: Save custom defense configuration successfully"},{"ancestorTitles":["RESPONSE CONFIGS TESTING SUITE"],"duration":3,"failureDetails":[],"failureMessages":[],"fullName":"RESPONSE CONFIGS TESTING SUITE TC_CFG_SAVE_FAILURE_01: Save config missing ledFlash","invocations":1,"location":null,"numPassingAsserts":2,"retryReasons":[],"status":"passed","title":"TC_CFG_SAVE_FAILURE_01: Save config missing ledFlash"},{"ancestorTitles":["RESPONSE CONFIGS TESTING SUITE"],"duration":2,"failureDetails":[],"failureMessages":[],"fullName":"RESPONSE CONFIGS TESTING SUITE TC_CFG_SAVE_FAILURE_02: Save config missing speakerWarn","invocations":1,"location":null,"numPassingAsserts":2,"retryReasons":[],"status":"passed","title":"TC_CFG_SAVE_FAILURE_02: Save config missing speakerWarn"},{"ancestorTitles":["RESPONSE CONFIGS TESTING SUITE"],"duration":2,"failureDetails":[],"failureMessages":[],"fullName":"RESPONSE CONFIGS TESTING SUITE TC_CFG_SAVE_FAILURE_03: Save config missing electricFence","invocations":1,"location":null,"numPassingAsserts":2,"retryReasons":[],"status":"passed","title":"TC_CFG_SAVE_FAILURE_03: Save config missing electricFence"},{"ancestorTitles":["RESPONSE CONFIGS TESTING SUITE"],"duration":3,"failureDetails":[],"failureMessages":[],"fullName":"RESPONSE CONFIGS TESTING SUITE TC_CFG_SAVE_FAILURE_04: Save config missing silentAlert","invocations":1,"location":null,"numPassingAsserts":2,"retryReasons":[],"status":"passed","title":"TC_CFG_SAVE_FAILURE_04: Save config missing silentAlert"},{"ancestorTitles":["RESPONSE CONFIGS TESTING SUITE"],"duration":2,"failureDetails":[],"failureMessages":[],"fullName":"RESPONSE CONFIGS TESTING SUITE TC_CFG_SAVE_FAILURE_05: Save config with invalid LED color","invocations":1,"location":null,"numPassingAsserts":2,"retryReasons":[],"status":"passed","title":"TC_CFG_SAVE_FAILURE_05: Save config with invalid LED color"},{"ancestorTitles":["RESPONSE CONFIGS TESTING SUITE"],"duration":3,"failureDetails":[],"failureMessages":[],"fullName":"RESPONSE CONFIGS TESTING SUITE TC_CFG_SAVE_FAILURE_07: Save config with negative LED intensity","invocations":1,"location":null,"numPassingAsserts":2,"retryReasons":[],"status":"passed","title":"TC_CFG_SAVE_FAILURE_07: Save config with negative LED intensity"},{"ancestorTitles":["RESPONSE CONFIGS TESTING SUITE"],"duration":2,"failureDetails":[],"failureMessages":[],"fullName":"RESPONSE CONFIGS TESTING SUITE TC_CFG_SAVE_FAILURE_06: Save config with LED intensity exceeds 100","invocations":1,"location":null,"numPassingAsserts":2,"retryReasons":[],"status":"passed","title":"TC_CFG_SAVE_FAILURE_06: Save config with LED intensity exceeds 100"},{"ancestorTitles":["RESPONSE CONFIGS TESTING SUITE"],"duration":4,"failureDetails":[],"failureMessages":[],"fullName":"RESPONSE CONFIGS TESTING SUITE TC_CFG_SAVE_FAILURE_09: Save config with negative audio intensity","invocations":1,"location":null,"numPassingAsserts":2,"retryReasons":[],"status":"passed","title":"TC_CFG_SAVE_FAILURE_09: Save config with negative audio intensity"},{"ancestorTitles":["RESPONSE CONFIGS TESTING SUITE"],"duration":2,"failureDetails":[],"failureMessages":[],"fullName":"RESPONSE CONFIGS TESTING SUITE TC_CFG_SAVE_FAILURE_08: Save config with audio intensity exceeds 100","invocations":1,"location":null,"numPassingAsserts":2,"retryReasons":[],"status":"passed","title":"TC_CFG_SAVE_FAILURE_08: Save config with audio intensity exceeds 100"},{"ancestorTitles":["RESPONSE CONFIGS TESTING SUITE"],"duration":3,"failureDetails":[],"failureMessages":[],"fullName":"RESPONSE CONFIGS TESTING SUITE TC_CFG_SAVE_FAILURE_10: Save config with negative electric fence duration","invocations":1,"location":null,"numPassingAsserts":2,"retryReasons":[],"status":"passed","title":"TC_CFG_SAVE_FAILURE_10: Save config with negative electric fence duration"},{"ancestorTitles":["RESPONSE CONFIGS TESTING SUITE"],"duration":4,"failureDetails":[],"failureMessages":[],"fullName":"RESPONSE CONFIGS TESTING SUITE TC_CFG_PRE_SUCCESS_01: Apply danger level preset successfully","invocations":1,"location":null,"numPassingAsserts":2,"retryReasons":[],"status":"passed","title":"TC_CFG_PRE_SUCCESS_01: Apply danger level preset successfully"},{"ancestorTitles":["RESPONSE CONFIGS TESTING SUITE"],"duration":2,"failureDetails":[],"failureMessages":[],"fullName":"RESPONSE CONFIGS TESTING SUITE TC_CFG_PRE_FAILURE_01: Fail to apply preset with invalid presetId","invocations":1,"location":null,"numPassingAsserts":2,"retryReasons":[],"status":"passed","title":"TC_CFG_PRE_FAILURE_01: Fail to apply preset with invalid presetId"},{"ancestorTitles":["RESPONSE CONFIGS TESTING SUITE"],"duration":7,"failureDetails":[],"failureMessages":[],"fullName":"RESPONSE CONFIGS TESTING SUITE TC_CFG_DEL_SUCCESS_01: Reset custom config to fallback presets successfully","invocations":1,"location":null,"numPassingAsserts":1,"retryReasons":[],"status":"passed","title":"TC_CFG_DEL_SUCCESS_01: Reset custom config to fallback presets successfully"},{"ancestorTitles":["RESPONSE CONFIGS TESTING SUITE"],"duration":2,"failureDetails":[],"failureMessages":[],"fullName":"RESPONSE CONFIGS TESTING SUITE TC_CFG_DEL_FAILURE_01: Fail to delete non-existent custom configuration","invocations":1,"location":null,"numPassingAsserts":2,"retryReasons":[],"status":"passed","title":"TC_CFG_DEL_FAILURE_01: Fail to delete non-existent custom configuration"}],"endTime":1784859352371,"message":"","name":"/Users/trungnguyen/GitHub/Wildlife-Warning-and-Deterrence-System/wildlife-mobile-server/tests/config.test.ts","startTime":1784859352019,"status":"passed","summary":""},{"assertionResults":[{"ancestorTitles":["STATISTICS TESTING SUITE"],"duration":19,"failureDetails":[],"failureMessages":[],"fullName":"STATISTICS TESTING SUITE TC_STAT_SUM_SUCCESS_01: Retrieve statistics summary successfully with valid dates","invocations":1,"location":null,"numPassingAsserts":7,"retryReasons":[],"status":"passed","title":"TC_STAT_SUM_SUCCESS_01: Retrieve statistics summary successfully with valid dates"},{"ancestorTitles":["STATISTICS TESTING SUITE"],"duration":3,"failureDetails":[],"failureMessages":[],"fullName":"STATISTICS TESTING SUITE TC_STAT_SUM_FAILURE_01: Fail to retrieve statistics due to missing startDate","invocations":1,"location":null,"numPassingAsserts":3,"retryReasons":[],"status":"passed","title":"TC_STAT_SUM_FAILURE_01: Fail to retrieve statistics due to missing startDate"},{"ancestorTitles":["STATISTICS TESTING SUITE"],"duration":3,"failureDetails":[],"failureMessages":[],"fullName":"STATISTICS TESTING SUITE TC_STAT_SUM_FAILURE_02: Fail to retrieve statistics due to missing endDate","invocations":1,"location":null,"numPassingAsserts":3,"retryReasons":[],"status":"passed","title":"TC_STAT_SUM_FAILURE_02: Fail to retrieve statistics due to missing endDate"},{"ancestorTitles":["STATISTICS TESTING SUITE"],"duration":3,"failureDetails":[],"failureMessages":[],"fullName":"STATISTICS TESTING SUITE TC_STAT_SUM_FAILURE_03: Fail to retrieve statistics with invalid format startDate","invocations":1,"location":null,"numPassingAsserts":3,"retryReasons":[],"status":"passed","title":"TC_STAT_SUM_FAILURE_03: Fail to retrieve statistics with invalid format startDate"},{"ancestorTitles":["STATISTICS TESTING SUITE"],"duration":2,"failureDetails":[],"failureMessages":[],"fullName":"STATISTICS TESTING SUITE TC_STAT_SUM_FAILURE_04: Fail to retrieve statistics with invalid format endDate","invocations":1,"location":null,"numPassingAsserts":3,"retryReasons":[],"status":"passed","title":"TC_STAT_SUM_FAILURE_04: Fail to retrieve statistics with invalid format endDate"},{"ancestorTitles":["STATISTICS TESTING SUITE"],"duration":3,"failureDetails":[],"failureMessages":[],"fullName":"STATISTICS TESTING SUITE TC_STAT_SUM_FAILURE_05: Fail to retrieve statistics when startDate is after endDate","invocations":1,"location":null,"numPassingAsserts":3,"retryReasons":[],"status":"passed","title":"TC_STAT_SUM_FAILURE_05: Fail to retrieve statistics when startDate is after endDate"}],"endTime":1784859352652,"message":"","name":"/Users/trungnguyen/GitHub/Wildlife-Warning-and-Deterrence-System/wildlife-mobile-server/tests/stats.test.ts","startTime":1784859352372,"status":"passed","summary":""},{"assertionResults":[{"ancestorTitles":["REFERENCE DATA TESTING SUITE"],"duration":12,"failureDetails":[],"failureMessages":[],"fullName":"REFERENCE DATA TESTING SUITE TC_REF_PRE_SUCCESS_01: Retrieve list of preset response configs successfully","invocations":1,"location":null,"numPassingAsserts":6,"retryReasons":[],"status":"passed","title":"TC_REF_PRE_SUCCESS_01: Retrieve list of preset response configs successfully"},{"ancestorTitles":["REFERENCE DATA TESTING SUITE"],"duration":3,"failureDetails":[],"failureMessages":[],"fullName":"REFERENCE DATA TESTING SUITE TC_REF_AUD_SUCCESS_01: Retrieve audio sample directory successfully","invocations":1,"location":null,"numPassingAsserts":9,"retryReasons":[],"status":"passed","title":"TC_REF_AUD_SUCCESS_01: Retrieve audio sample directory successfully"}],"endTime":1784859352901,"message":"","name":"/Users/trungnguyen/GitHub/Wildlife-Warning-and-Deterrence-System/wildlife-mobile-server/tests/reference.test.ts","startTime":1784859352654,"status":"passed","summary":""}],"wasInterrupted":false}
